[10/03/2016 05:03:00] New realm updated: item to 6.5.1
[10/03/2016 05:03:00] New realm updated: rune to 6.5.1
[10/03/2016 05:03:00] New realm updated: mastery to 6.5.1
[10/03/2016 05:03:00] New realm updated: summoner to 6.5.1
[10/03/2016 05:03:00] New realm updated: champion to 6.5.1
[10/03/2016 05:03:00] New realm updated: profileicon to 6.5.1
[10/03/2016 05:03:00] New realm updated: map to 6.5.1
[10/03/2016 05:03:00] New realm updated: language to 6.5.1
[10/03/2016 05:03:00] New realm updated: v to 6.5.1
[10/03/2016 05:03:00] New realm updated: l to en_US
[10/03/2016 05:03:00] New realm updated: cdn to http://ddragon.leagueoflegends.com/cdn
[10/03/2016 05:03:00] New realm updated: dd to 6.5.1
[10/03/2016 05:03:00] New realm updated: lg to 6.5.1
[10/03/2016 05:03:00] New realm updated: css to 6.5.1
[10/03/2016 05:03:00] New realm updated: profileiconmax to 28
[10/03/2016 05:03:00] New realm updated: store to 
[11/03/2016 05:03:00] New realm updated: item to 6.5.1
[11/03/2016 05:03:00] New realm updated: rune to 6.5.1
[11/03/2016 05:03:00] New realm updated: mastery to 6.5.1
[11/03/2016 05:03:00] New realm updated: summoner to 6.5.1
[11/03/2016 05:03:00] New realm updated: champion to 6.5.1
[11/03/2016 05:03:00] New realm updated: profileicon to 6.5.1
[11/03/2016 05:03:00] New realm updated: map to 6.5.1
[11/03/2016 05:03:00] New realm updated: language to 6.5.1
[11/03/2016 05:03:00] New realm updated: v to 6.5.1
[11/03/2016 05:03:00] New realm updated: l to en_US
[11/03/2016 05:03:00] New realm updated: cdn to http://ddragon.leagueoflegends.com/cdn
[11/03/2016 05:03:00] New realm updated: dd to 6.5.1
[11/03/2016 05:03:00] New realm updated: lg to 6.5.1
[11/03/2016 05:03:00] New realm updated: css to 6.5.1
[11/03/2016 05:03:00] New realm updated: profileiconmax to 28
[11/03/2016 05:03:00] New realm updated: store to 
[12/03/2016 05:03:00] New realm updated: item to 6.5.1
[12/03/2016 05:03:00] New realm updated: rune to 6.5.1
[12/03/2016 05:03:00] New realm updated: mastery to 6.5.1
[12/03/2016 05:03:00] New realm updated: summoner to 6.5.1
[12/03/2016 05:03:00] New realm updated: champion to 6.5.1
[12/03/2016 05:03:00] New realm updated: profileicon to 6.5.1
[12/03/2016 05:03:00] New realm updated: map to 6.5.1
[12/03/2016 05:03:00] New realm updated: language to 6.5.1
[12/03/2016 05:03:00] New realm updated: v to 6.5.1
[12/03/2016 05:03:00] New realm updated: l to en_US
[12/03/2016 05:03:00] New realm updated: cdn to http://ddragon.leagueoflegends.com/cdn
[12/03/2016 05:03:00] New realm updated: dd to 6.5.1
[12/03/2016 05:03:00] New realm updated: lg to 6.5.1
[12/03/2016 05:03:00] New realm updated: css to 6.5.1
[12/03/2016 05:03:00] New realm updated: profileiconmax to 28
[12/03/2016 05:03:00] New realm updated: store to 
[13/03/2016 05:03:00] New realm updated: item to 6.5.1
[13/03/2016 05:03:00] New realm updated: rune to 6.5.1
[13/03/2016 05:03:00] New realm updated: mastery to 6.5.1
[13/03/2016 05:03:00] New realm updated: summoner to 6.5.1
[13/03/2016 05:03:00] New realm updated: champion to 6.5.1
[13/03/2016 05:03:00] New realm updated: profileicon to 6.5.1
[13/03/2016 05:03:00] New realm updated: map to 6.5.1
[13/03/2016 05:03:00] New realm updated: language to 6.5.1
[13/03/2016 05:03:00] New realm updated: v to 6.5.1
[13/03/2016 05:03:00] New realm updated: l to en_US
[13/03/2016 05:03:00] New realm updated: cdn to http://ddragon.leagueoflegends.com/cdn
[13/03/2016 05:03:00] New realm updated: dd to 6.5.1
[13/03/2016 05:03:00] New realm updated: lg to 6.5.1
[13/03/2016 05:03:00] New realm updated: css to 6.5.1
[13/03/2016 05:03:00] New realm updated: profileiconmax to 28
[13/03/2016 05:03:00] New realm updated: store to 
[14/03/2016 04:03:00] New realm updated: item to 6.5.1
[14/03/2016 04:03:00] New realm updated: rune to 6.5.1
[14/03/2016 04:03:00] New realm updated: mastery to 6.5.1
[14/03/2016 04:03:00] New realm updated: summoner to 6.5.1
[14/03/2016 04:03:00] New realm updated: champion to 6.5.1
[14/03/2016 04:03:00] New realm updated: profileicon to 6.5.1
[14/03/2016 04:03:00] New realm updated: map to 6.5.1
[14/03/2016 04:03:00] New realm updated: language to 6.5.1
[14/03/2016 04:03:00] New realm updated: v to 6.5.1
[14/03/2016 04:03:00] New realm updated: l to en_US
[14/03/2016 04:03:00] New realm updated: cdn to http://ddragon.leagueoflegends.com/cdn
[14/03/2016 04:03:00] New realm updated: dd to 6.5.1
[14/03/2016 04:03:00] New realm updated: lg to 6.5.1
[14/03/2016 04:03:00] New realm updated: css to 6.5.1
[14/03/2016 04:03:00] New realm updated: profileiconmax to 28
[14/03/2016 04:03:00] New realm updated: store to 
[15/03/2016 04:03:00] New realm updated: item to 6.5.1
[15/03/2016 04:03:00] New realm updated: rune to 6.5.1
[15/03/2016 04:03:00] New realm updated: mastery to 6.5.1
[15/03/2016 04:03:00] New realm updated: summoner to 6.5.1
[15/03/2016 04:03:00] New realm updated: champion to 6.5.1
[15/03/2016 04:03:00] New realm updated: profileicon to 6.5.1
[15/03/2016 04:03:00] New realm updated: map to 6.5.1
[15/03/2016 04:03:00] New realm updated: language to 6.5.1
[15/03/2016 04:03:00] New realm updated: v to 6.5.1
[15/03/2016 04:03:00] New realm updated: l to en_US
[15/03/2016 04:03:00] New realm updated: cdn to http://ddragon.leagueoflegends.com/cdn
[15/03/2016 04:03:00] New realm updated: dd to 6.5.1
[15/03/2016 04:03:00] New realm updated: lg to 6.5.1
[15/03/2016 04:03:00] New realm updated: css to 6.5.1
[15/03/2016 04:03:00] New realm updated: profileiconmax to 28
[15/03/2016 04:03:00] New realm updated: store to 
[16/03/2016 04:03:00] New realm updated: item to 6.5.1
[16/03/2016 04:03:00] New realm updated: rune to 6.5.1
[16/03/2016 04:03:00] New realm updated: mastery to 6.5.1
[16/03/2016 04:03:00] New realm updated: summoner to 6.5.1
[16/03/2016 04:03:00] New realm updated: champion to 6.5.1
[16/03/2016 04:03:00] New realm updated: profileicon to 6.5.1
[16/03/2016 04:03:00] New realm updated: map to 6.5.1
[16/03/2016 04:03:00] New realm updated: language to 6.5.1
[16/03/2016 04:03:00] New realm updated: v to 6.5.1
[16/03/2016 04:03:00] New realm updated: l to en_US
[16/03/2016 04:03:00] New realm updated: cdn to http://ddragon.leagueoflegends.com/cdn
[16/03/2016 04:03:00] New realm updated: dd to 6.5.1
[16/03/2016 04:03:00] New realm updated: lg to 6.5.1
[16/03/2016 04:03:00] New realm updated: css to 6.5.1
[16/03/2016 04:03:00] New realm updated: profileiconmax to 28
[16/03/2016 04:03:00] New realm updated: store to 
[17/03/2016 04:03:00] New realm updated: item to 6.5.1
[17/03/2016 04:03:00] New realm updated: rune to 6.5.1
[17/03/2016 04:03:00] New realm updated: mastery to 6.5.1
[17/03/2016 04:03:00] New realm updated: summoner to 6.5.1
[17/03/2016 04:03:00] New realm updated: champion to 6.5.1
[17/03/2016 04:03:00] New realm updated: profileicon to 6.5.1
[17/03/2016 04:03:00] New realm updated: map to 6.5.1
[17/03/2016 04:03:00] New realm updated: language to 6.5.1
[17/03/2016 04:03:00] New realm updated: v to 6.5.1
[17/03/2016 04:03:00] New realm updated: l to en_US
[17/03/2016 04:03:00] New realm updated: cdn to http://ddragon.leagueoflegends.com/cdn
[17/03/2016 04:03:00] New realm updated: dd to 6.5.1
[17/03/2016 04:03:00] New realm updated: lg to 6.5.1
[17/03/2016 04:03:00] New realm updated: css to 6.5.1
[17/03/2016 04:03:00] New realm updated: profileiconmax to 28
[17/03/2016 04:03:00] New realm updated: store to 
[18/03/2016 04:03:00] New realm updated: item to 6.5.1
[18/03/2016 04:03:00] New realm updated: rune to 6.5.1
[18/03/2016 04:03:00] New realm updated: mastery to 6.5.1
[18/03/2016 04:03:00] New realm updated: summoner to 6.5.1
[18/03/2016 04:03:00] New realm updated: champion to 6.5.1
[18/03/2016 04:03:00] New realm updated: profileicon to 6.5.1
[18/03/2016 04:03:00] New realm updated: map to 6.5.1
[18/03/2016 04:03:00] New realm updated: language to 6.5.1
[18/03/2016 04:03:00] New realm updated: v to 6.5.1
[18/03/2016 04:03:00] New realm updated: l to en_US
[18/03/2016 04:03:00] New realm updated: cdn to http://ddragon.leagueoflegends.com/cdn
[18/03/2016 04:03:00] New realm updated: dd to 6.5.1
[18/03/2016 04:03:00] New realm updated: lg to 6.5.1
[18/03/2016 04:03:00] New realm updated: css to 6.5.1
[18/03/2016 04:03:00] New realm updated: profileiconmax to 28
[18/03/2016 04:03:00] New realm updated: store to 
[19/03/2016 04:03:00] New realm updated: item to 6.5.1
[19/03/2016 04:03:00] New realm updated: rune to 6.5.1
[19/03/2016 04:03:00] New realm updated: mastery to 6.5.1
[19/03/2016 04:03:00] New realm updated: summoner to 6.5.1
[19/03/2016 04:03:00] New realm updated: champion to 6.5.1
[19/03/2016 04:03:00] New realm updated: profileicon to 6.5.1
[19/03/2016 04:03:00] New realm updated: map to 6.5.1
[19/03/2016 04:03:00] New realm updated: language to 6.5.1
[19/03/2016 04:03:00] New realm updated: v to 6.5.1
[19/03/2016 04:03:00] New realm updated: l to en_US
[19/03/2016 04:03:00] New realm updated: cdn to http://ddragon.leagueoflegends.com/cdn
[19/03/2016 04:03:00] New realm updated: dd to 6.5.1
[19/03/2016 04:03:00] New realm updated: lg to 6.5.1
[19/03/2016 04:03:00] New realm updated: css to 6.5.1
[19/03/2016 04:03:00] New realm updated: profileiconmax to 28
[19/03/2016 04:03:00] New realm updated: store to 
[20/03/2016 04:03:00] New realm updated: item to 6.5.1
[20/03/2016 04:03:00] New realm updated: rune to 6.5.1
[20/03/2016 04:03:00] New realm updated: mastery to 6.5.1
[20/03/2016 04:03:00] New realm updated: summoner to 6.5.1
[20/03/2016 04:03:00] New realm updated: champion to 6.5.1
[20/03/2016 04:03:00] New realm updated: profileicon to 6.5.1
[20/03/2016 04:03:00] New realm updated: map to 6.5.1
[20/03/2016 04:03:00] New realm updated: language to 6.5.1
[20/03/2016 04:03:00] New realm updated: v to 6.5.1
[20/03/2016 04:03:00] New realm updated: l to en_US
[20/03/2016 04:03:00] New realm updated: cdn to http://ddragon.leagueoflegends.com/cdn
[20/03/2016 04:03:00] New realm updated: dd to 6.5.1
[20/03/2016 04:03:00] New realm updated: lg to 6.5.1
[20/03/2016 04:03:00] New realm updated: css to 6.5.1
[20/03/2016 04:03:00] New realm updated: profileiconmax to 28
[20/03/2016 04:03:00] New realm updated: store to 
[21/03/2016 04:03:00] New realm updated: item to 6.5.1
[21/03/2016 04:03:00] New realm updated: rune to 6.5.1
[21/03/2016 04:03:00] New realm updated: mastery to 6.5.1
[21/03/2016 04:03:00] New realm updated: summoner to 6.5.1
[21/03/2016 04:03:00] New realm updated: champion to 6.5.1
[21/03/2016 04:03:00] New realm updated: profileicon to 6.5.1
[21/03/2016 04:03:00] New realm updated: map to 6.5.1
[21/03/2016 04:03:00] New realm updated: language to 6.5.1
[21/03/2016 04:03:00] New realm updated: v to 6.5.1
[21/03/2016 04:03:00] New realm updated: l to en_US
[21/03/2016 04:03:00] New realm updated: cdn to http://ddragon.leagueoflegends.com/cdn
[21/03/2016 04:03:00] New realm updated: dd to 6.5.1
[21/03/2016 04:03:00] New realm updated: lg to 6.5.1
[21/03/2016 04:03:00] New realm updated: css to 6.5.1
[21/03/2016 04:03:00] New realm updated: profileiconmax to 28
[21/03/2016 04:03:00] New realm updated: store to 
[22/03/2016 04:03:00] New realm updated: item to 6.5.1
[22/03/2016 04:03:00] New realm updated: rune to 6.5.1
[22/03/2016 04:03:00] New realm updated: mastery to 6.5.1
[22/03/2016 04:03:00] New realm updated: summoner to 6.5.1
[22/03/2016 04:03:00] New realm updated: champion to 6.5.1
[22/03/2016 04:03:00] New realm updated: profileicon to 6.5.1
[22/03/2016 04:03:00] New realm updated: map to 6.5.1
[22/03/2016 04:03:00] New realm updated: language to 6.5.1
[22/03/2016 04:03:00] New realm updated: v to 6.5.1
[22/03/2016 04:03:00] New realm updated: l to en_US
[22/03/2016 04:03:00] New realm updated: cdn to http://ddragon.leagueoflegends.com/cdn
[22/03/2016 04:03:00] New realm updated: dd to 6.5.1
[22/03/2016 04:03:00] New realm updated: lg to 6.5.1
[22/03/2016 04:03:00] New realm updated: css to 6.5.1
[22/03/2016 04:03:00] New realm updated: profileiconmax to 28
[22/03/2016 04:03:00] New realm updated: store to 
[23/03/2016 04:03:00] New realm updated: item to 6.5.1
[23/03/2016 04:03:00] New realm updated: rune to 6.5.1
[23/03/2016 04:03:00] New realm updated: mastery to 6.5.1
[23/03/2016 04:03:00] New realm updated: summoner to 6.5.1
[23/03/2016 04:03:00] New realm updated: champion to 6.5.1
[23/03/2016 04:03:00] New realm updated: profileicon to 6.5.1
[23/03/2016 04:03:00] New realm updated: map to 6.5.1
[23/03/2016 04:03:00] New realm updated: language to 6.5.1
[23/03/2016 04:03:00] New realm updated: v to 6.5.1
[23/03/2016 04:03:00] New realm updated: l to en_US
[23/03/2016 04:03:00] New realm updated: cdn to http://ddragon.leagueoflegends.com/cdn
[23/03/2016 04:03:00] New realm updated: dd to 6.5.1
[23/03/2016 04:03:00] New realm updated: lg to 6.5.1
[23/03/2016 04:03:00] New realm updated: css to 6.5.1
[23/03/2016 04:03:00] New realm updated: profileiconmax to 28
[23/03/2016 04:03:00] New realm updated: store to 
[24/03/2016 04:03:00] New realm updated: item to 6.5.1
[24/03/2016 04:03:00] New realm updated: rune to 6.5.1
[24/03/2016 04:03:00] New realm updated: mastery to 6.5.1
[24/03/2016 04:03:00] New realm updated: summoner to 6.5.1
[24/03/2016 04:03:00] New realm updated: champion to 6.5.1
[24/03/2016 04:03:00] New realm updated: profileicon to 6.5.1
[24/03/2016 04:03:00] New realm updated: map to 6.5.1
[24/03/2016 04:03:00] New realm updated: language to 6.5.1
[24/03/2016 04:03:00] New realm updated: v to 6.5.1
[24/03/2016 04:03:00] New realm updated: l to en_US
[24/03/2016 04:03:00] New realm updated: cdn to http://ddragon.leagueoflegends.com/cdn
[24/03/2016 04:03:00] New realm updated: dd to 6.5.1
[24/03/2016 04:03:00] New realm updated: lg to 6.5.1
[24/03/2016 04:03:00] New realm updated: css to 6.5.1
[24/03/2016 04:03:00] New realm updated: profileiconmax to 28
[24/03/2016 04:03:00] New realm updated: store to 
[25/03/2016 04:03:00] New realm updated: item to 6.6.1
[25/03/2016 04:03:00] New realm updated: rune to 6.6.1
[25/03/2016 04:03:00] New realm updated: mastery to 6.6.1
[25/03/2016 04:03:00] New realm updated: summoner to 6.6.1
[25/03/2016 04:03:00] New realm updated: champion to 6.6.1
[25/03/2016 04:03:00] New realm updated: profileicon to 6.6.1
[25/03/2016 04:03:00] New realm updated: map to 6.6.1
[25/03/2016 04:03:00] New realm updated: language to 6.6.1
[25/03/2016 04:03:00] New realm updated: v to 6.6.1
[25/03/2016 04:03:00] New realm updated: l to en_US
[25/03/2016 04:03:00] New realm updated: cdn to http://ddragon.leagueoflegends.com/cdn
[25/03/2016 04:03:00] New realm updated: dd to 6.6.1
[25/03/2016 04:03:00] New realm updated: lg to 6.6.1
[25/03/2016 04:03:00] New realm updated: css to 6.6.1
[25/03/2016 04:03:00] New realm updated: profileiconmax to 28
[25/03/2016 04:03:00] New realm updated: store to 
[26/03/2016 04:03:00] New realm updated: item to 6.6.1
[26/03/2016 04:03:00] New realm updated: rune to 6.6.1
[26/03/2016 04:03:00] New realm updated: mastery to 6.6.1
[26/03/2016 04:03:00] New realm updated: summoner to 6.6.1
[26/03/2016 04:03:00] New realm updated: champion to 6.6.1
[26/03/2016 04:03:00] New realm updated: profileicon to 6.6.1
[26/03/2016 04:03:00] New realm updated: map to 6.6.1
[26/03/2016 04:03:00] New realm updated: language to 6.6.1
[26/03/2016 04:03:00] New realm updated: v to 6.6.1
[26/03/2016 04:03:00] New realm updated: l to en_US
[26/03/2016 04:03:00] New realm updated: cdn to http://ddragon.leagueoflegends.com/cdn
[26/03/2016 04:03:00] New realm updated: dd to 6.6.1
[26/03/2016 04:03:00] New realm updated: lg to 6.6.1
[26/03/2016 04:03:00] New realm updated: css to 6.6.1
[26/03/2016 04:03:00] New realm updated: profileiconmax to 28
[26/03/2016 04:03:00] New realm updated: store to 
[27/03/2016 04:03:00] New realm updated: item to 6.6.1
[27/03/2016 04:03:00] New realm updated: rune to 6.6.1
[27/03/2016 04:03:00] New realm updated: mastery to 6.6.1
[27/03/2016 04:03:00] New realm updated: summoner to 6.6.1
[27/03/2016 04:03:00] New realm updated: champion to 6.6.1
[27/03/2016 04:03:00] New realm updated: profileicon to 6.6.1
[27/03/2016 04:03:00] New realm updated: map to 6.6.1
[27/03/2016 04:03:00] New realm updated: language to 6.6.1
[27/03/2016 04:03:00] New realm updated: v to 6.6.1
[27/03/2016 04:03:00] New realm updated: l to en_US
[27/03/2016 04:03:00] New realm updated: cdn to http://ddragon.leagueoflegends.com/cdn
[27/03/2016 04:03:00] New realm updated: dd to 6.6.1
[27/03/2016 04:03:00] New realm updated: lg to 6.6.1
[27/03/2016 04:03:00] New realm updated: css to 6.6.1
[27/03/2016 04:03:00] New realm updated: profileiconmax to 28
[27/03/2016 04:03:00] New realm updated: store to 
[28/03/2016 04:03:00] New realm updated: item to 6.6.1
[28/03/2016 04:03:00] New realm updated: rune to 6.6.1
[28/03/2016 04:03:00] New realm updated: mastery to 6.6.1
[28/03/2016 04:03:00] New realm updated: summoner to 6.6.1
[28/03/2016 04:03:00] New realm updated: champion to 6.6.1
[28/03/2016 04:03:00] New realm updated: profileicon to 6.6.1
[28/03/2016 04:03:00] New realm updated: map to 6.6.1
[28/03/2016 04:03:00] New realm updated: language to 6.6.1
[28/03/2016 04:03:00] New realm updated: v to 6.6.1
[28/03/2016 04:03:00] New realm updated: l to en_US
[28/03/2016 04:03:00] New realm updated: cdn to http://ddragon.leagueoflegends.com/cdn
[28/03/2016 04:03:00] New realm updated: dd to 6.6.1
[28/03/2016 04:03:00] New realm updated: lg to 6.6.1
[28/03/2016 04:03:00] New realm updated: css to 6.6.1
[28/03/2016 04:03:00] New realm updated: profileiconmax to 28
[28/03/2016 04:03:00] New realm updated: store to 
[29/03/2016 04:03:00] New realm updated: item to 6.6.1
[29/03/2016 04:03:00] New realm updated: rune to 6.6.1
[29/03/2016 04:03:00] New realm updated: mastery to 6.6.1
[29/03/2016 04:03:00] New realm updated: summoner to 6.6.1
[29/03/2016 04:03:00] New realm updated: champion to 6.6.1
[29/03/2016 04:03:00] New realm updated: profileicon to 6.6.1
[29/03/2016 04:03:00] New realm updated: map to 6.6.1
[29/03/2016 04:03:00] New realm updated: language to 6.6.1
[29/03/2016 04:03:00] New realm updated: v to 6.6.1
[29/03/2016 04:03:00] New realm updated: l to en_US
[29/03/2016 04:03:00] New realm updated: cdn to http://ddragon.leagueoflegends.com/cdn
[29/03/2016 04:03:00] New realm updated: dd to 6.6.1
[29/03/2016 04:03:00] New realm updated: lg to 6.6.1
[29/03/2016 04:03:00] New realm updated: css to 6.6.1
[29/03/2016 04:03:00] New realm updated: profileiconmax to 28
[29/03/2016 04:03:00] New realm updated: store to 
[30/03/2016 04:03:00] New realm updated: item to 6.6.1
[30/03/2016 04:03:00] New realm updated: rune to 6.6.1
[30/03/2016 04:03:00] New realm updated: mastery to 6.6.1
[30/03/2016 04:03:00] New realm updated: summoner to 6.6.1
[30/03/2016 04:03:00] New realm updated: champion to 6.6.1
[30/03/2016 04:03:00] New realm updated: profileicon to 6.6.1
[30/03/2016 04:03:00] New realm updated: map to 6.6.1
[30/03/2016 04:03:00] New realm updated: language to 6.6.1
[30/03/2016 04:03:00] New realm updated: v to 6.6.1
[30/03/2016 04:03:00] New realm updated: l to en_US
[30/03/2016 04:03:00] New realm updated: cdn to http://ddragon.leagueoflegends.com/cdn
[30/03/2016 04:03:00] New realm updated: dd to 6.6.1
[30/03/2016 04:03:00] New realm updated: lg to 6.6.1
[30/03/2016 04:03:00] New realm updated: css to 6.6.1
[30/03/2016 04:03:00] New realm updated: profileiconmax to 28
[30/03/2016 04:03:00] New realm updated: store to 
[31/03/2016 04:03:00] New realm updated: item to 6.6.1
[31/03/2016 04:03:00] New realm updated: rune to 6.6.1
[31/03/2016 04:03:00] New realm updated: mastery to 6.6.1
[31/03/2016 04:03:00] New realm updated: summoner to 6.6.1
[31/03/2016 04:03:00] New realm updated: champion to 6.6.1
[31/03/2016 04:03:00] New realm updated: profileicon to 6.6.1
[31/03/2016 04:03:00] New realm updated: map to 6.6.1
[31/03/2016 04:03:00] New realm updated: language to 6.6.1
[31/03/2016 04:03:00] New realm updated: v to 6.6.1
[31/03/2016 04:03:00] New realm updated: l to en_US
[31/03/2016 04:03:00] New realm updated: cdn to http://ddragon.leagueoflegends.com/cdn
[31/03/2016 04:03:00] New realm updated: dd to 6.6.1
[31/03/2016 04:03:00] New realm updated: lg to 6.6.1
[31/03/2016 04:03:00] New realm updated: css to 6.6.1
[31/03/2016 04:03:00] New realm updated: profileiconmax to 28
[31/03/2016 04:03:00] New realm updated: store to 
[01/04/2016 04:04:00] New realm updated: item to 6.6.1
[01/04/2016 04:04:00] New realm updated: rune to 6.6.1
[01/04/2016 04:04:00] New realm updated: mastery to 6.6.1
[01/04/2016 04:04:00] New realm updated: summoner to 6.6.1
[01/04/2016 04:04:00] New realm updated: champion to 6.6.1
[01/04/2016 04:04:00] New realm updated: profileicon to 6.6.1
[01/04/2016 04:04:00] New realm updated: map to 6.6.1
[01/04/2016 04:04:00] New realm updated: language to 6.6.1
[01/04/2016 04:04:00] New realm updated: v to 6.6.1
[01/04/2016 04:04:00] New realm updated: l to en_US
[01/04/2016 04:04:00] New realm updated: cdn to http://ddragon.leagueoflegends.com/cdn
[01/04/2016 04:04:00] New realm updated: dd to 6.6.1
[01/04/2016 04:04:00] New realm updated: lg to 6.6.1
[01/04/2016 04:04:00] New realm updated: css to 6.6.1
[01/04/2016 04:04:00] New realm updated: profileiconmax to 28
[01/04/2016 04:04:00] New realm updated: store to 
[02/04/2016 04:04:00] New realm updated: item to 6.6.1
[02/04/2016 04:04:00] New realm updated: rune to 6.6.1
[02/04/2016 04:04:00] New realm updated: mastery to 6.6.1
[02/04/2016 04:04:00] New realm updated: summoner to 6.6.1
[02/04/2016 04:04:00] New realm updated: champion to 6.6.1
[02/04/2016 04:04:00] New realm updated: profileicon to 6.6.1
[02/04/2016 04:04:00] New realm updated: map to 6.6.1
[02/04/2016 04:04:00] New realm updated: language to 6.6.1
[02/04/2016 04:04:00] New realm updated: v to 6.6.1
[02/04/2016 04:04:00] New realm updated: l to en_US
[02/04/2016 04:04:00] New realm updated: cdn to http://ddragon.leagueoflegends.com/cdn
[02/04/2016 04:04:00] New realm updated: dd to 6.6.1
[02/04/2016 04:04:00] New realm updated: lg to 6.6.1
[02/04/2016 04:04:00] New realm updated: css to 6.6.1
[02/04/2016 04:04:00] New realm updated: profileiconmax to 28
[02/04/2016 04:04:00] New realm updated: store to 
[03/04/2016 04:04:00] New realm updated: item to 6.6.1
[03/04/2016 04:04:00] New realm updated: rune to 6.6.1
[03/04/2016 04:04:00] New realm updated: mastery to 6.6.1
[03/04/2016 04:04:00] New realm updated: summoner to 6.6.1
[03/04/2016 04:04:00] New realm updated: champion to 6.6.1
[03/04/2016 04:04:00] New realm updated: profileicon to 6.6.1
[03/04/2016 04:04:00] New realm updated: map to 6.6.1
[03/04/2016 04:04:00] New realm updated: language to 6.6.1
[03/04/2016 04:04:00] New realm updated: v to 6.6.1
[03/04/2016 04:04:00] New realm updated: l to en_US
[03/04/2016 04:04:00] New realm updated: cdn to http://ddragon.leagueoflegends.com/cdn
[03/04/2016 04:04:00] New realm updated: dd to 6.6.1
[03/04/2016 04:04:00] New realm updated: lg to 6.6.1
[03/04/2016 04:04:00] New realm updated: css to 6.6.1
[03/04/2016 04:04:00] New realm updated: profileiconmax to 28
[03/04/2016 04:04:00] New realm updated: store to 
[04/04/2016 04:04:00] New realm updated: item to 6.6.1
[04/04/2016 04:04:00] New realm updated: rune to 6.6.1
[04/04/2016 04:04:00] New realm updated: mastery to 6.6.1
[04/04/2016 04:04:00] New realm updated: summoner to 6.6.1
[04/04/2016 04:04:00] New realm updated: champion to 6.6.1
[04/04/2016 04:04:00] New realm updated: profileicon to 6.6.1
[04/04/2016 04:04:00] New realm updated: map to 6.6.1
[04/04/2016 04:04:00] New realm updated: language to 6.6.1
[04/04/2016 04:04:00] New realm updated: v to 6.6.1
[04/04/2016 04:04:00] New realm updated: l to en_US
[04/04/2016 04:04:00] New realm updated: cdn to http://ddragon.leagueoflegends.com/cdn
[04/04/2016 04:04:00] New realm updated: dd to 6.6.1
[04/04/2016 04:04:00] New realm updated: lg to 6.6.1
[04/04/2016 04:04:00] New realm updated: css to 6.6.1
[04/04/2016 04:04:00] New realm updated: profileiconmax to 28
[04/04/2016 04:04:00] New realm updated: store to 
[05/04/2016 04:04:00] New realm updated: item to 6.6.1
[05/04/2016 04:04:00] New realm updated: rune to 6.6.1
[05/04/2016 04:04:00] New realm updated: mastery to 6.6.1
[05/04/2016 04:04:00] New realm updated: summoner to 6.6.1
[05/04/2016 04:04:00] New realm updated: champion to 6.6.1
[05/04/2016 04:04:00] New realm updated: profileicon to 6.6.1
[05/04/2016 04:04:00] New realm updated: map to 6.6.1
[05/04/2016 04:04:00] New realm updated: language to 6.6.1
[05/04/2016 04:04:00] New realm updated: v to 6.6.1
[05/04/2016 04:04:00] New realm updated: l to en_US
[05/04/2016 04:04:00] New realm updated: cdn to http://ddragon.leagueoflegends.com/cdn
[05/04/2016 04:04:00] New realm updated: dd to 6.6.1
[05/04/2016 04:04:00] New realm updated: lg to 6.6.1
[05/04/2016 04:04:00] New realm updated: css to 6.6.1
[05/04/2016 04:04:00] New realm updated: profileiconmax to 28
[05/04/2016 04:04:00] New realm updated: store to 
[06/04/2016 04:04:00] New realm updated: item to 6.6.1
[06/04/2016 04:04:00] New realm updated: rune to 6.6.1
[06/04/2016 04:04:00] New realm updated: mastery to 6.6.1
[06/04/2016 04:04:00] New realm updated: summoner to 6.6.1
[06/04/2016 04:04:00] New realm updated: champion to 6.6.1
[06/04/2016 04:04:00] New realm updated: profileicon to 6.6.1
[06/04/2016 04:04:00] New realm updated: map to 6.6.1
[06/04/2016 04:04:00] New realm updated: language to 6.6.1
[06/04/2016 04:04:00] New realm updated: v to 6.6.1
[06/04/2016 04:04:00] New realm updated: l to en_US
[06/04/2016 04:04:00] New realm updated: cdn to http://ddragon.leagueoflegends.com/cdn
[06/04/2016 04:04:00] New realm updated: dd to 6.6.1
[06/04/2016 04:04:00] New realm updated: lg to 6.6.1
[06/04/2016 04:04:00] New realm updated: css to 6.6.1
[06/04/2016 04:04:00] New realm updated: profileiconmax to 28
[06/04/2016 04:04:00] New realm updated: store to 
[07/04/2016 04:04:00] New realm updated: item to 6.7.1
[07/04/2016 04:04:00] New realm updated: rune to 6.7.1
[07/04/2016 04:04:00] New realm updated: mastery to 6.7.1
[07/04/2016 04:04:00] New realm updated: summoner to 6.7.1
[07/04/2016 04:04:00] New realm updated: champion to 6.7.1
[07/04/2016 04:04:00] New realm updated: profileicon to 6.7.1
[07/04/2016 04:04:00] New realm updated: map to 6.7.1
[07/04/2016 04:04:00] New realm updated: language to 6.7.1
[07/04/2016 04:04:00] New realm updated: v to 6.7.1
[07/04/2016 04:04:00] New realm updated: l to en_US
[07/04/2016 04:04:00] New realm updated: cdn to http://ddragon.leagueoflegends.com/cdn
[07/04/2016 04:04:00] New realm updated: dd to 6.7.1
[07/04/2016 04:04:00] New realm updated: lg to 6.7.1
[07/04/2016 04:04:00] New realm updated: css to 6.7.1
[07/04/2016 04:04:00] New realm updated: profileiconmax to 28
[07/04/2016 04:04:00] New realm updated: store to 
[08/04/2016 04:04:00] New realm updated: item to 6.7.1
[08/04/2016 04:04:00] New realm updated: rune to 6.7.1
[08/04/2016 04:04:00] New realm updated: mastery to 6.7.1
[08/04/2016 04:04:00] New realm updated: summoner to 6.7.1
[08/04/2016 04:04:00] New realm updated: champion to 6.7.1
[08/04/2016 04:04:00] New realm updated: profileicon to 6.7.1
[08/04/2016 04:04:00] New realm updated: map to 6.7.1
[08/04/2016 04:04:00] New realm updated: language to 6.7.1
[08/04/2016 04:04:00] New realm updated: v to 6.7.1
[08/04/2016 04:04:00] New realm updated: l to en_US
[08/04/2016 04:04:00] New realm updated: cdn to http://ddragon.leagueoflegends.com/cdn
[08/04/2016 04:04:00] New realm updated: dd to 6.7.1
[08/04/2016 04:04:00] New realm updated: lg to 6.7.1
[08/04/2016 04:04:00] New realm updated: css to 6.7.1
[08/04/2016 04:04:00] New realm updated: profileiconmax to 28
[08/04/2016 04:04:00] New realm updated: store to 
[09/04/2016 04:04:00] New realm updated: item to 6.7.1
[09/04/2016 04:04:00] New realm updated: rune to 6.7.1
[09/04/2016 04:04:00] New realm updated: mastery to 6.7.1
[09/04/2016 04:04:00] New realm updated: summoner to 6.7.1
[09/04/2016 04:04:00] New realm updated: champion to 6.7.1
[09/04/2016 04:04:00] New realm updated: profileicon to 6.7.1
[09/04/2016 04:04:00] New realm updated: map to 6.7.1
[09/04/2016 04:04:00] New realm updated: language to 6.7.1
[09/04/2016 04:04:00] New realm updated: v to 6.7.1
[09/04/2016 04:04:00] New realm updated: l to en_US
[09/04/2016 04:04:00] New realm updated: cdn to http://ddragon.leagueoflegends.com/cdn
[09/04/2016 04:04:00] New realm updated: dd to 6.7.1
[09/04/2016 04:04:00] New realm updated: lg to 6.7.1
[09/04/2016 04:04:00] New realm updated: css to 6.7.1
[09/04/2016 04:04:00] New realm updated: profileiconmax to 28
[09/04/2016 04:04:00] New realm updated: store to 
[10/04/2016 04:04:00] New realm updated: item to 6.7.1
[10/04/2016 04:04:00] New realm updated: rune to 6.7.1
[10/04/2016 04:04:00] New realm updated: mastery to 6.7.1
[10/04/2016 04:04:00] New realm updated: summoner to 6.7.1
[10/04/2016 04:04:00] New realm updated: champion to 6.7.1
[10/04/2016 04:04:00] New realm updated: profileicon to 6.7.1
[10/04/2016 04:04:00] New realm updated: map to 6.7.1
[10/04/2016 04:04:00] New realm updated: language to 6.7.1
[10/04/2016 04:04:00] New realm updated: v to 6.7.1
[10/04/2016 04:04:00] New realm updated: l to en_US
[10/04/2016 04:04:00] New realm updated: cdn to http://ddragon.leagueoflegends.com/cdn
[10/04/2016 04:04:00] New realm updated: dd to 6.7.1
[10/04/2016 04:04:00] New realm updated: lg to 6.7.1
[10/04/2016 04:04:00] New realm updated: css to 6.7.1
[10/04/2016 04:04:00] New realm updated: profileiconmax to 28
[10/04/2016 04:04:00] New realm updated: store to 
[11/04/2016 04:04:00] New realm updated: item to 6.7.1
[11/04/2016 04:04:00] New realm updated: rune to 6.7.1
[11/04/2016 04:04:00] New realm updated: mastery to 6.7.1
[11/04/2016 04:04:00] New realm updated: summoner to 6.7.1
[11/04/2016 04:04:00] New realm updated: champion to 6.7.1
[11/04/2016 04:04:00] New realm updated: profileicon to 6.7.1
[11/04/2016 04:04:00] New realm updated: map to 6.7.1
[11/04/2016 04:04:00] New realm updated: language to 6.7.1
[11/04/2016 04:04:00] New realm updated: v to 6.7.1
[11/04/2016 04:04:00] New realm updated: l to en_US
[11/04/2016 04:04:00] New realm updated: cdn to http://ddragon.leagueoflegends.com/cdn
[11/04/2016 04:04:00] New realm updated: dd to 6.7.1
[11/04/2016 04:04:00] New realm updated: lg to 6.7.1
[11/04/2016 04:04:00] New realm updated: css to 6.7.1
[11/04/2016 04:04:00] New realm updated: profileiconmax to 28
[11/04/2016 04:04:00] New realm updated: store to 
[12/04/2016 04:04:00] New realm updated: item to 6.7.1
[12/04/2016 04:04:00] New realm updated: rune to 6.7.1
[12/04/2016 04:04:00] New realm updated: mastery to 6.7.1
[12/04/2016 04:04:00] New realm updated: summoner to 6.7.1
[12/04/2016 04:04:00] New realm updated: champion to 6.7.1
[12/04/2016 04:04:00] New realm updated: profileicon to 6.7.1
[12/04/2016 04:04:00] New realm updated: map to 6.7.1
[12/04/2016 04:04:00] New realm updated: language to 6.7.1
[12/04/2016 04:04:00] New realm updated: v to 6.7.1
[12/04/2016 04:04:00] New realm updated: l to en_US
[12/04/2016 04:04:00] New realm updated: cdn to http://ddragon.leagueoflegends.com/cdn
[12/04/2016 04:04:00] New realm updated: dd to 6.7.1
[12/04/2016 04:04:00] New realm updated: lg to 6.7.1
[12/04/2016 04:04:00] New realm updated: css to 6.7.1
[12/04/2016 04:04:00] New realm updated: profileiconmax to 28
[12/04/2016 04:04:00] New realm updated: store to 
[13/04/2016 04:04:00] New realm updated: item to 6.7.1
[13/04/2016 04:04:00] New realm updated: rune to 6.7.1
[13/04/2016 04:04:00] New realm updated: mastery to 6.7.1
[13/04/2016 04:04:00] New realm updated: summoner to 6.7.1
[13/04/2016 04:04:00] New realm updated: champion to 6.7.1
[13/04/2016 04:04:00] New realm updated: profileicon to 6.7.1
[13/04/2016 04:04:00] New realm updated: map to 6.7.1
[13/04/2016 04:04:00] New realm updated: language to 6.7.1
[13/04/2016 04:04:00] New realm updated: v to 6.7.1
[13/04/2016 04:04:00] New realm updated: l to en_US
[13/04/2016 04:04:00] New realm updated: cdn to http://ddragon.leagueoflegends.com/cdn
[13/04/2016 04:04:00] New realm updated: dd to 6.7.1
[13/04/2016 04:04:00] New realm updated: lg to 6.7.1
[13/04/2016 04:04:00] New realm updated: css to 6.7.1
[13/04/2016 04:04:00] New realm updated: profileiconmax to 28
[13/04/2016 04:04:00] New realm updated: store to 
[14/04/2016 04:04:00] New realm updated: item to 6.7.1
[14/04/2016 04:04:00] New realm updated: rune to 6.7.1
[14/04/2016 04:04:00] New realm updated: mastery to 6.7.1
[14/04/2016 04:04:00] New realm updated: summoner to 6.7.1
[14/04/2016 04:04:00] New realm updated: champion to 6.7.1
[14/04/2016 04:04:00] New realm updated: profileicon to 6.7.1
[14/04/2016 04:04:00] New realm updated: map to 6.7.1
[14/04/2016 04:04:00] New realm updated: language to 6.7.1
[14/04/2016 04:04:00] New realm updated: v to 6.7.1
[14/04/2016 04:04:00] New realm updated: l to en_US
[14/04/2016 04:04:00] New realm updated: cdn to http://ddragon.leagueoflegends.com/cdn
[14/04/2016 04:04:00] New realm updated: dd to 6.7.1
[14/04/2016 04:04:00] New realm updated: lg to 6.7.1
[14/04/2016 04:04:00] New realm updated: css to 6.7.1
[14/04/2016 04:04:00] New realm updated: profileiconmax to 28
[14/04/2016 04:04:00] New realm updated: store to 
[15/04/2016 04:04:00] New realm updated: item to 6.7.1
[15/04/2016 04:04:00] New realm updated: rune to 6.7.1
[15/04/2016 04:04:00] New realm updated: mastery to 6.7.1
[15/04/2016 04:04:00] New realm updated: summoner to 6.7.1
[15/04/2016 04:04:00] New realm updated: champion to 6.7.1
[15/04/2016 04:04:00] New realm updated: profileicon to 6.7.1
[15/04/2016 04:04:00] New realm updated: map to 6.7.1
[15/04/2016 04:04:00] New realm updated: language to 6.7.1
[15/04/2016 04:04:00] New realm updated: v to 6.7.1
[15/04/2016 04:04:00] New realm updated: l to en_US
[15/04/2016 04:04:00] New realm updated: cdn to http://ddragon.leagueoflegends.com/cdn
[15/04/2016 04:04:00] New realm updated: dd to 6.7.1
[15/04/2016 04:04:00] New realm updated: lg to 6.7.1
[15/04/2016 04:04:00] New realm updated: css to 6.7.1
[15/04/2016 04:04:00] New realm updated: profileiconmax to 28
[15/04/2016 04:04:00] New realm updated: store to 
[16/04/2016 04:04:00] New realm updated: item to 6.7.1
[16/04/2016 04:04:00] New realm updated: rune to 6.7.1
[16/04/2016 04:04:00] New realm updated: mastery to 6.7.1
[16/04/2016 04:04:00] New realm updated: summoner to 6.7.1
[16/04/2016 04:04:00] New realm updated: champion to 6.7.1
[16/04/2016 04:04:00] New realm updated: profileicon to 6.7.1
[16/04/2016 04:04:00] New realm updated: map to 6.7.1
[16/04/2016 04:04:00] New realm updated: language to 6.7.1
[16/04/2016 04:04:00] New realm updated: v to 6.7.1
[16/04/2016 04:04:00] New realm updated: l to en_US
[16/04/2016 04:04:00] New realm updated: cdn to http://ddragon.leagueoflegends.com/cdn
[16/04/2016 04:04:00] New realm updated: dd to 6.7.1
[16/04/2016 04:04:00] New realm updated: lg to 6.7.1
[16/04/2016 04:04:00] New realm updated: css to 6.7.1
[16/04/2016 04:04:00] New realm updated: profileiconmax to 28
[16/04/2016 04:04:00] New realm updated: store to 
