[07/03/2016 02:03:56] Summoner data updated [es]
[07/03/2016 02:03:57] Summoner data updated [es]
[07/03/2016 02:03:59] Summoner data updated [es]
[07/03/2016 08:03:33] Summoner data updated [es]
[07/03/2016 08:03:37] Summoner data updated [es]
[07/03/2016 09:03:04] Summoner data updated [es]
[07/03/2016 09:03:05] Summoner data updated [es]
[07/03/2016 09:03:06] Summoner data updated [es]
[07/03/2016 09:03:06] Summoner data updated [es]
[07/03/2016 09:03:07] Summoner data updated [es]
[07/03/2016 09:03:08] Summoner data updated [es]
[07/03/2016 09:03:08] Summoner data updated [en]
[07/03/2016 09:03:08] Summoner data updated [de]
[07/03/2016 09:03:08] Summoner data updated [fr]
[07/03/2016 09:03:08] Summoner data updated [ja]
[07/03/2016 09:03:31] Summoner data updated [es]
[07/03/2016 09:03:32] Summoner data updated [es]
[07/03/2016 09:03:32] Summoner data updated [es]
[07/03/2016 09:03:32] Summoner data updated [en]
[07/03/2016 09:03:32] Summoner data updated [de]
[07/03/2016 09:03:32] Summoner data updated [fr]
[07/03/2016 09:03:32] Summoner data updated [ja]
[07/03/2016 09:03:33] Summoner data updated [es]
[07/03/2016 09:03:33] Summoner data updated [en]
[07/03/2016 09:03:33] Summoner data updated [de]
[07/03/2016 09:03:33] Summoner data updated [fr]
[07/03/2016 09:03:33] Summoner data updated [ja]
[07/03/2016 09:03:39] Summoner data updated [es]
[07/03/2016 09:03:39] Summoner data updated [en]
[07/03/2016 09:03:39] Summoner data updated [de]
[07/03/2016 09:03:39] Summoner data updated [fr]
[07/03/2016 09:03:39] Summoner data updated [ja]
[07/03/2016 09:03:41] Summoner data updated [es]
[07/03/2016 09:03:42] Summoner data updated [es]
[07/03/2016 09:03:42] Summoner data updated [en]
[07/03/2016 09:03:42] Summoner data updated [de]
[07/03/2016 09:03:42] Summoner data updated [fr]
[07/03/2016 09:03:42] Summoner data updated [ja]
[07/03/2016 09:03:44] Summoner data updated [es]
[07/03/2016 09:03:45] Summoner data updated [es]
[07/03/2016 09:03:45] Summoner data updated [es]
[07/03/2016 09:03:45] Summoner data updated [en]
[07/03/2016 09:03:46] Summoner data updated [de]
[07/03/2016 09:03:46] Summoner data updated [fr]
[07/03/2016 09:03:46] Summoner data updated [ja]
[07/03/2016 09:03:53] Summoner data updated [es]
[07/03/2016 09:03:54] Summoner data updated [es]
[07/03/2016 09:03:54] Summoner data updated [en]
[07/03/2016 09:03:54] Summoner data updated [de]
[07/03/2016 09:03:54] Summoner data updated [fr]
[07/03/2016 09:03:54] Summoner data updated [ja]
[07/03/2016 09:03:56] Summoner data updated [es]
[07/03/2016 09:03:57] Summoner data updated [es]
[07/03/2016 09:03:57] Summoner data updated [en]
[07/03/2016 09:03:57] Summoner data updated [de]
[07/03/2016 09:03:57] Summoner data updated [fr]
[07/03/2016 09:03:57] Summoner data updated [ja]
[07/03/2016 10:03:03] Summoner data updated [es]
[07/03/2016 10:03:03] Summoner data updated [en]
[07/03/2016 10:03:03] Summoner data updated [de]
[07/03/2016 10:03:03] Summoner data updated [fr]
[07/03/2016 10:03:03] Summoner data updated [ja]
[07/03/2016 10:03:04] Summoner data updated [es]
[07/03/2016 10:03:07] Summoner data updated [es]
[07/03/2016 10:03:07] Summoner data updated [en]
[07/03/2016 10:03:07] Summoner data updated [de]
[07/03/2016 10:03:07] Summoner data updated [fr]
[07/03/2016 10:03:08] Summoner data updated [ja]
[07/03/2016 10:03:19] Summoner data updated [es]
[07/03/2016 10:03:19] Summoner data updated [en]
[07/03/2016 10:03:20] Summoner data updated [de]
[07/03/2016 10:03:20] Summoner data updated [fr]
[07/03/2016 10:03:20] Summoner data updated [ja]
[07/03/2016 10:03:40] Summoner data updated [es]
[07/03/2016 10:03:40] Summoner data updated [en]
[07/03/2016 10:03:42] Summoner data updated [es]
[07/03/2016 10:03:42] Summoner data updated [en]
[07/03/2016 10:03:43] Summoner data updated [es]
[07/03/2016 10:03:43] Summoner data updated [en]
[07/03/2016 10:03:43] Summoner data updated [de]
[07/03/2016 10:03:43] Summoner data updated [fr]
[07/03/2016 10:03:43] Summoner data updated [ja]
[07/03/2016 10:03:45] Summoner data updated [es]
[07/03/2016 10:03:45] Summoner data updated [en]
[07/03/2016 10:03:45] Summoner data updated [de]
[07/03/2016 10:03:46] Summoner data updated [fr]
[07/03/2016 10:03:46] Summoner data updated [ja]
