[01/03/2016 05:03:00] New version updated: item to 6.4.2
[01/03/2016 05:03:00] New version updated: rune to 6.4.2
[01/03/2016 05:03:00] New version updated: mastery to 6.4.2
[01/03/2016 05:03:00] New version updated: summoner to 6.4.2
[01/03/2016 05:03:00] New version updated: champion to 6.4.2
[01/03/2016 05:03:00] New version updated: profileicon to 6.4.2
[01/03/2016 05:03:00] New version updated: map to 6.4.2
[01/03/2016 05:03:00] New version updated: language to 6.4.2
[01/03/2016 05:03:00] New version updated: v to 6.4.2
[01/03/2016 05:03:00] New version updated: l to en_US
[01/03/2016 05:03:00] New version updated: cdn to http://ddragon.leagueoflegends.com/cdn
[01/03/2016 05:03:00] New version updated: dd to 6.4.2
[01/03/2016 05:03:00] New version updated: lg to 6.4.2
[01/03/2016 05:03:00] New version updated: css to 6.4.2
[01/03/2016 05:03:00] New version updated: profileiconmax to 28
[01/03/2016 05:03:00] New version updated: store to 
[02/03/2016 05:03:00] New version updated: item to 6.4.2
[02/03/2016 05:03:00] New version updated: rune to 6.4.2
[02/03/2016 05:03:00] New version updated: mastery to 6.4.2
[02/03/2016 05:03:00] New version updated: summoner to 6.4.2
[02/03/2016 05:03:00] New version updated: champion to 6.4.2
[02/03/2016 05:03:00] New version updated: profileicon to 6.4.2
[02/03/2016 05:03:00] New version updated: map to 6.4.2
[02/03/2016 05:03:00] New version updated: language to 6.4.2
[02/03/2016 05:03:00] New version updated: v to 6.4.2
[02/03/2016 05:03:00] New version updated: l to en_US
[02/03/2016 05:03:00] New version updated: cdn to http://ddragon.leagueoflegends.com/cdn
[02/03/2016 05:03:00] New version updated: dd to 6.4.2
[02/03/2016 05:03:00] New version updated: lg to 6.4.2
[02/03/2016 05:03:00] New version updated: css to 6.4.2
[02/03/2016 05:03:00] New version updated: profileiconmax to 28
[02/03/2016 05:03:00] New version updated: store to 
[03/03/2016 05:03:00] New version updated: item to 6.4.2
[03/03/2016 05:03:00] New version updated: rune to 6.4.2
[03/03/2016 05:03:00] New version updated: mastery to 6.4.2
[03/03/2016 05:03:00] New version updated: summoner to 6.4.2
[03/03/2016 05:03:00] New version updated: champion to 6.4.2
[03/03/2016 05:03:00] New version updated: profileicon to 6.4.2
[03/03/2016 05:03:00] New version updated: map to 6.4.2
[03/03/2016 05:03:00] New version updated: language to 6.4.2
[03/03/2016 05:03:00] New version updated: v to 6.4.2
[03/03/2016 05:03:00] New version updated: l to en_US
[03/03/2016 05:03:00] New version updated: cdn to http://ddragon.leagueoflegends.com/cdn
[03/03/2016 05:03:00] New version updated: dd to 6.4.2
[03/03/2016 05:03:00] New version updated: lg to 6.4.2
[03/03/2016 05:03:00] New version updated: css to 6.4.2
[03/03/2016 05:03:00] New version updated: profileiconmax to 28
[03/03/2016 05:03:00] New version updated: store to 
[04/03/2016 05:03:00] New version updated: item to 6.4.2
[04/03/2016 05:03:00] New version updated: rune to 6.4.2
[04/03/2016 05:03:00] New version updated: mastery to 6.4.2
[04/03/2016 05:03:00] New version updated: summoner to 6.4.2
[04/03/2016 05:03:00] New version updated: champion to 6.4.2
[04/03/2016 05:03:00] New version updated: profileicon to 6.4.2
[04/03/2016 05:03:00] New version updated: map to 6.4.2
[04/03/2016 05:03:00] New version updated: language to 6.4.2
[04/03/2016 05:03:00] New version updated: v to 6.4.2
[04/03/2016 05:03:00] New version updated: l to en_US
[04/03/2016 05:03:00] New version updated: cdn to http://ddragon.leagueoflegends.com/cdn
[04/03/2016 05:03:00] New version updated: dd to 6.4.2
[04/03/2016 05:03:00] New version updated: lg to 6.4.2
[04/03/2016 05:03:00] New version updated: css to 6.4.2
[04/03/2016 05:03:00] New version updated: profileiconmax to 28
[04/03/2016 05:03:00] New version updated: store to 
[05/03/2016 05:03:00] New version updated: item to 6.4.2
[05/03/2016 05:03:00] New version updated: rune to 6.4.2
[05/03/2016 05:03:00] New version updated: mastery to 6.4.2
[05/03/2016 05:03:00] New version updated: summoner to 6.4.2
[05/03/2016 05:03:00] New version updated: champion to 6.4.2
[05/03/2016 05:03:00] New version updated: profileicon to 6.4.2
[05/03/2016 05:03:00] New version updated: map to 6.4.2
[05/03/2016 05:03:00] New version updated: language to 6.4.2
[05/03/2016 05:03:00] New version updated: v to 6.4.2
[05/03/2016 05:03:00] New version updated: l to en_US
[05/03/2016 05:03:00] New version updated: cdn to http://ddragon.leagueoflegends.com/cdn
[05/03/2016 05:03:00] New version updated: dd to 6.4.2
[05/03/2016 05:03:00] New version updated: lg to 6.4.2
[05/03/2016 05:03:00] New version updated: css to 6.4.2
[05/03/2016 05:03:00] New version updated: profileiconmax to 28
[05/03/2016 05:03:00] New version updated: store to 
[06/03/2016 05:03:00] New version updated: item to 6.4.2
[06/03/2016 05:03:00] New version updated: rune to 6.4.2
[06/03/2016 05:03:00] New version updated: mastery to 6.4.2
[06/03/2016 05:03:00] New version updated: summoner to 6.4.2
[06/03/2016 05:03:00] New version updated: champion to 6.4.2
[06/03/2016 05:03:00] New version updated: profileicon to 6.4.2
[06/03/2016 05:03:00] New version updated: map to 6.4.2
[06/03/2016 05:03:00] New version updated: language to 6.4.2
[06/03/2016 05:03:00] New version updated: v to 6.4.2
[06/03/2016 05:03:00] New version updated: l to en_US
[06/03/2016 05:03:00] New version updated: cdn to http://ddragon.leagueoflegends.com/cdn
[06/03/2016 05:03:00] New version updated: dd to 6.4.2
[06/03/2016 05:03:00] New version updated: lg to 6.4.2
[06/03/2016 05:03:00] New version updated: css to 6.4.2
[06/03/2016 05:03:00] New version updated: profileiconmax to 28
[06/03/2016 05:03:00] New version updated: store to 
[07/03/2016 05:03:00] New version updated: item to 6.4.2
[07/03/2016 05:03:00] New version updated: rune to 6.4.2
[07/03/2016 05:03:00] New version updated: mastery to 6.4.2
[07/03/2016 05:03:00] New version updated: summoner to 6.4.2
[07/03/2016 05:03:00] New version updated: champion to 6.4.2
[07/03/2016 05:03:00] New version updated: profileicon to 6.4.2
[07/03/2016 05:03:00] New version updated: map to 6.4.2
[07/03/2016 05:03:00] New version updated: language to 6.4.2
[07/03/2016 05:03:00] New version updated: v to 6.4.2
[07/03/2016 05:03:00] New version updated: l to en_US
[07/03/2016 05:03:00] New version updated: cdn to http://ddragon.leagueoflegends.com/cdn
[07/03/2016 05:03:00] New version updated: dd to 6.4.2
[07/03/2016 05:03:00] New version updated: lg to 6.4.2
[07/03/2016 05:03:00] New version updated: css to 6.4.2
[07/03/2016 05:03:00] New version updated: profileiconmax to 28
[07/03/2016 05:03:00] New version updated: store to 
[08/03/2016 05:03:00] New version updated: item to 6.4.2
[08/03/2016 05:03:00] New version updated: rune to 6.4.2
[08/03/2016 05:03:00] New version updated: mastery to 6.4.2
[08/03/2016 05:03:00] New version updated: summoner to 6.4.2
[08/03/2016 05:03:00] New version updated: champion to 6.4.2
[08/03/2016 05:03:00] New version updated: profileicon to 6.4.2
[08/03/2016 05:03:00] New version updated: map to 6.4.2
[08/03/2016 05:03:00] New version updated: language to 6.4.2
[08/03/2016 05:03:00] New version updated: v to 6.4.2
[08/03/2016 05:03:00] New version updated: l to en_US
[08/03/2016 05:03:00] New version updated: cdn to http://ddragon.leagueoflegends.com/cdn
[08/03/2016 05:03:00] New version updated: dd to 6.4.2
[08/03/2016 05:03:00] New version updated: lg to 6.4.2
[08/03/2016 05:03:00] New version updated: css to 6.4.2
[08/03/2016 05:03:00] New version updated: profileiconmax to 28
[08/03/2016 05:03:00] New version updated: store to 
[09/03/2016 05:03:00] New version updated: item to 6.4.2
[09/03/2016 05:03:00] New version updated: rune to 6.4.2
[09/03/2016 05:03:00] New version updated: mastery to 6.4.2
[09/03/2016 05:03:00] New version updated: summoner to 6.4.2
[09/03/2016 05:03:00] New version updated: champion to 6.4.2
[09/03/2016 05:03:00] New version updated: profileicon to 6.4.2
[09/03/2016 05:03:00] New version updated: map to 6.4.2
[09/03/2016 05:03:00] New version updated: language to 6.4.2
[09/03/2016 05:03:00] New version updated: v to 6.4.2
[09/03/2016 05:03:00] New version updated: l to en_US
[09/03/2016 05:03:00] New version updated: cdn to http://ddragon.leagueoflegends.com/cdn
[09/03/2016 05:03:00] New version updated: dd to 6.4.2
[09/03/2016 05:03:00] New version updated: lg to 6.4.2
[09/03/2016 05:03:00] New version updated: css to 6.4.2
[09/03/2016 05:03:00] New version updated: profileiconmax to 28
[09/03/2016 05:03:00] New version updated: store to 
[09/03/2016 09:03:38] New version updated:  to 
[09/03/2016 09:03:38] New version updated:  to 
[09/03/2016 09:03:38] New version updated:  to 
[09/03/2016 09:03:38] New version updated:  to 
[09/03/2016 09:03:38] New version updated:  to 
[09/03/2016 09:03:38] New version updated:  to 
[09/03/2016 09:03:38] New version updated:  to 
[09/03/2016 09:03:38] New version updated:  to 
[09/03/2016 09:03:38] New version updated:  to 
[09/03/2016 09:03:38] New version updated:  to 
[09/03/2016 09:03:38] New version updated:  to 
[09/03/2016 09:03:38] New version updated:  to 
[09/03/2016 09:03:38] New version updated:  to 
[09/03/2016 09:03:38] New version updated:  to 
[09/03/2016 09:03:38] New version updated:  to 
[09/03/2016 09:03:38] New version updated:  to 
[09/03/2016 09:03:38] New version updated:  to 
[09/03/2016 09:03:38] New version updated:  to 
[09/03/2016 09:03:38] New version updated:  to 
[09/03/2016 09:03:38] New version updated:  to 
[09/03/2016 09:03:38] New version updated:  to 
[09/03/2016 09:03:38] New version updated:  to 
[09/03/2016 09:03:38] New version updated:  to 
[09/03/2016 09:03:38] New version updated:  to 
[09/03/2016 09:03:38] New version updated:  to 
[09/03/2016 09:03:38] New version updated:  to 
[09/03/2016 09:03:38] New version updated:  to 
[09/03/2016 09:03:38] New version updated:  to 
[09/03/2016 09:03:38] New version updated:  to 
[09/03/2016 09:03:38] New version updated:  to 
[09/03/2016 09:03:38] New version updated:  to 
[09/03/2016 09:03:38] New version updated:  to 
[09/03/2016 09:03:38] New version updated:  to 
[09/03/2016 09:03:38] New version updated:  to 
[09/03/2016 09:03:38] New version updated:  to 
[09/03/2016 09:03:38] New version updated:  to 
[09/03/2016 09:03:38] New version updated:  to 
[09/03/2016 09:03:38] New version updated:  to 
[09/03/2016 09:03:38] New version updated:  to 
[09/03/2016 09:03:38] New version updated:  to 
[09/03/2016 09:03:38] New version updated:  to 
[09/03/2016 09:03:38] New version updated:  to 
[09/03/2016 09:03:38] New version updated:  to 
[09/03/2016 09:03:38] New version updated:  to 
[09/03/2016 09:03:38] New version updated:  to 
[09/03/2016 09:03:38] New version updated:  to 
[09/03/2016 09:03:38] New version updated:  to 
[09/03/2016 09:03:38] New version updated:  to 
[09/03/2016 09:03:38] New version updated:  to 
[09/03/2016 09:03:38] New version updated:  to 
[09/03/2016 09:03:38] New version updated:  to 
[09/03/2016 09:03:38] New version updated:  to 
[09/03/2016 09:03:38] New version updated:  to 
[09/03/2016 09:03:38] New version updated:  to 
[09/03/2016 09:03:38] New version updated:  to 
[09/03/2016 09:03:38] New version updated:  to 
[09/03/2016 09:03:38] New version updated:  to 
[09/03/2016 09:03:38] New version updated:  to 
[09/03/2016 09:03:38] New version updated:  to 
[09/03/2016 09:03:38] New version updated:  to 
[09/03/2016 09:03:38] New version updated:  to 
[09/03/2016 09:03:38] New version updated:  to 
[09/03/2016 09:03:38] New version updated:  to 
[09/03/2016 09:03:38] New version updated:  to 
[09/03/2016 09:03:38] New version updated:  to 
[09/03/2016 09:03:38] New version updated:  to 
[09/03/2016 09:03:38] New version updated:  to 
[09/03/2016 09:03:38] New version updated:  to 
[09/03/2016 09:03:38] New version updated:  to 
[09/03/2016 09:03:38] New version updated:  to 
[09/03/2016 09:03:38] New version updated:  to 
[09/03/2016 09:03:38] New version updated:  to 
[09/03/2016 09:03:38] New version updated:  to 
[09/03/2016 09:03:38] New version updated:  to 
[09/03/2016 09:03:38] New version updated:  to 
[09/03/2016 09:03:38] New version updated:  to 
[09/03/2016 09:03:38] New version updated:  to 
[09/03/2016 09:03:38] New version updated:  to 
[09/03/2016 09:03:38] New version updated:  to 
[09/03/2016 09:03:38] New version updated:  to 
[09/03/2016 09:03:38] New version updated:  to 
[09/03/2016 09:03:38] New version updated:  to 
[09/03/2016 09:03:38] New version updated:  to 
[09/03/2016 09:03:38] New version updated:  to 
[09/03/2016 09:03:38] New version updated:  to 
[09/03/2016 09:03:38] New version updated:  to 
[09/03/2016 09:03:38] New version updated:  to 
[09/03/2016 09:03:38] New version updated:  to 
[09/03/2016 09:03:38] New version updated:  to 
[09/03/2016 09:03:38] New version updated:  to 
[09/03/2016 09:03:38] New version updated:  to 
[09/03/2016 09:03:38] New version updated:  to 
[09/03/2016 09:03:38] New version updated:  to 
[09/03/2016 09:03:38] New version updated:  to 
[09/03/2016 09:03:38] New version updated:  to 
[09/03/2016 09:03:38] New version updated:  to 
[09/03/2016 09:03:38] New version updated:  to 
[09/03/2016 09:03:38] New version updated:  to 
[09/03/2016 09:03:38] New version updated:  to 
[09/03/2016 09:03:38] New version updated:  to 
[09/03/2016 09:03:38] New version updated:  to 
[09/03/2016 09:03:38] New version updated:  to 
[09/03/2016 09:03:38] New version updated:  to 
[09/03/2016 09:03:38] New version updated:  to 
[09/03/2016 09:03:38] New version updated:  to 
[09/03/2016 09:03:38] New version updated:  to 
[09/03/2016 09:03:38] New version updated:  to 
[09/03/2016 09:03:38] New version updated:  to 
[09/03/2016 09:03:38] New version updated:  to 
[09/03/2016 09:03:38] New version updated:  to 
[09/03/2016 09:03:38] New version updated:  to 
[09/03/2016 09:03:38] New version updated:  to 
[09/03/2016 09:03:38] New version updated:  to 
[09/03/2016 09:03:38] New version updated:  to 
[09/03/2016 09:03:38] New version updated:  to 
[09/03/2016 09:03:38] New version updated:  to 
[09/03/2016 09:03:38] New version updated:  to 
[09/03/2016 09:03:38] New version updated:  to 
[09/03/2016 09:03:38] New version updated:  to 
[09/03/2016 09:03:38] New version updated:  to 
[09/03/2016 09:03:38] New version updated:  to 
[09/03/2016 09:03:38] New version updated:  to 
[09/03/2016 09:03:38] New version updated:  to 
[09/03/2016 09:03:38] New version updated:  to 
[09/03/2016 09:03:38] New version updated:  to 
[09/03/2016 09:03:38] New version updated:  to 
[09/03/2016 09:03:38] New version updated:  to 
[09/03/2016 09:03:38] New version updated:  to 
[09/03/2016 09:03:38] New version updated:  to 
[09/03/2016 09:03:38] New version updated:  to 
[09/03/2016 09:03:38] New version updated:  to 
[09/03/2016 09:03:38] New version updated:  to 
[09/03/2016 09:03:38] New version updated:  to 
[09/03/2016 09:03:38] New version updated:  to 
[09/03/2016 09:03:38] New version updated:  to 
[09/03/2016 09:03:38] New version updated:  to 
[09/03/2016 09:03:38] New version updated:  to 
[09/03/2016 09:03:38] New version updated:  to 
[09/03/2016 09:03:38] New version updated:  to 
[09/03/2016 09:03:38] New version updated:  to 
[09/03/2016 09:03:38] New version updated:  to 
[09/03/2016 09:03:38] New version updated:  to 
[09/03/2016 09:03:38] New version updated:  to 
[09/03/2016 09:03:38] New version updated:  to 
[09/03/2016 09:03:38] New version updated:  to 
[09/03/2016 09:03:38] New version updated:  to 
[09/03/2016 09:03:38] New version updated:  to 
[09/03/2016 09:03:38] New version updated:  to 
[09/03/2016 09:03:38] New version updated:  to 
[09/03/2016 09:03:38] New version updated:  to 
[09/03/2016 09:03:38] New version updated:  to 
[09/03/2016 09:03:38] New version updated:  to 
[09/03/2016 09:03:38] New version updated:  to 
[09/03/2016 09:03:38] New version updated:  to 
[09/03/2016 09:03:38] New version updated:  to 
[09/03/2016 09:03:38] New version updated:  to 
[09/03/2016 09:03:38] New version updated:  to 
[09/03/2016 09:03:38] New version updated:  to 
[09/03/2016 09:03:38] New version updated:  to 
[09/03/2016 09:03:38] New version updated:  to 
[09/03/2016 09:03:38] New version updated:  to 
[09/03/2016 09:03:38] New version updated:  to 
[09/03/2016 09:03:38] New version updated:  to 
[09/03/2016 09:03:38] New version updated:  to 
[09/03/2016 09:03:38] New version updated:  to 
[09/03/2016 09:03:38] New version updated:  to 
[09/03/2016 09:03:38] New version updated:  to 
[09/03/2016 09:03:38] New version updated:  to 
[09/03/2016 09:03:38] New version updated:  to 
[09/03/2016 09:03:38] New version updated:  to 
[09/03/2016 09:03:38] New version updated:  to 
[09/03/2016 09:03:38] New version updated:  to 
[09/03/2016 09:03:38] New version updated:  to 
[09/03/2016 09:03:38] New version updated:  to 
[09/03/2016 09:03:38] New version updated:  to 
[09/03/2016 09:03:38] New version updated:  to 
[09/03/2016 09:03:38] New version updated:  to 
[09/03/2016 09:03:38] New version updated:  to 
[09/03/2016 09:03:38] New version updated:  to 
[09/03/2016 09:03:38] New version updated:  to 
[09/03/2016 09:03:38] New version updated:  to 
[09/03/2016 09:03:38] New version updated:  to 
[09/03/2016 09:03:38] New version updated:  to 
[09/03/2016 09:03:38] New version updated:  to 
[09/03/2016 09:03:38] New version updated:  to 
[09/03/2016 09:03:38] New version updated:  to 
[09/03/2016 09:03:38] New version updated:  to 
[09/03/2016 09:03:38] New version updated:  to 
[09/03/2016 09:03:38] New version updated:  to 
[09/03/2016 09:03:38] New version updated:  to 
[09/03/2016 09:03:38] New version updated:  to 
[09/03/2016 09:03:38] New version updated:  to 
[09/03/2016 09:03:38] New version updated:  to 
[09/03/2016 09:03:38] New version updated:  to 
[09/03/2016 09:03:38] New version updated:  to 
[09/03/2016 09:03:38] New version updated:  to 
[09/03/2016 09:03:38] New version updated:  to 
[09/03/2016 09:03:38] New version updated:  to 
[09/03/2016 09:03:38] New version updated:  to 
[09/03/2016 09:03:38] New version updated:  to 
[09/03/2016 09:03:38] New version updated:  to 
[09/03/2016 09:03:38] New version updated:  to 
[09/03/2016 09:03:38] New version updated:  to 
[09/03/2016 09:03:38] New version updated:  to 
[09/03/2016 09:03:38] New version updated:  to 
[09/03/2016 09:03:38] New version updated:  to 
[09/03/2016 09:03:38] New version updated:  to 
[09/03/2016 09:03:38] New version updated:  to 
[09/03/2016 09:03:38] New version updated:  to 
[09/03/2016 09:03:38] New version updated:  to 
[09/03/2016 09:03:38] New version updated:  to 
[09/03/2016 09:03:38] New version updated:  to 
[09/03/2016 09:03:38] New version updated:  to 
[09/03/2016 09:03:38] New version updated:  to 
[09/03/2016 09:03:38] New version updated:  to 
[09/03/2016 09:03:38] New version updated:  to 
[09/03/2016 09:03:38] New version updated:  to 
[09/03/2016 09:03:38] New version updated:  to 
[09/03/2016 09:03:38] New version updated:  to 
[09/03/2016 09:03:38] New version updated:  to 
[09/03/2016 09:03:38] New version updated:  to 
[09/03/2016 09:03:38] New version updated:  to 
[09/03/2016 09:03:38] New version updated:  to 
[09/03/2016 09:03:38] New version updated:  to 
[09/03/2016 09:03:38] New version updated:  to 
[09/03/2016 09:03:38] New version updated:  to 
[09/03/2016 09:03:38] New version updated:  to 
[09/03/2016 09:03:38] New version updated:  to 
[09/03/2016 09:03:38] New version updated:  to 
[09/03/2016 09:03:38] New version updated:  to 
[09/03/2016 09:03:38] New version updated:  to 
[09/03/2016 09:03:38] New version updated:  to 
[09/03/2016 09:03:38] New version updated:  to 
[09/03/2016 09:03:38] New version updated:  to 
[09/03/2016 09:03:38] New version updated:  to 
[09/03/2016 09:03:38] New version updated:  to 
[09/03/2016 09:03:38] New version updated:  to 
[09/03/2016 09:03:38] New version updated:  to 
[09/03/2016 09:03:38] New version updated:  to 
[09/03/2016 09:03:38] New version updated:  to 
[09/03/2016 09:03:38] New version updated:  to 
[09/03/2016 09:03:38] New version updated:  to 
[09/03/2016 09:03:38] New version updated:  to 
[09/03/2016 09:03:38] New version updated:  to 
[09/03/2016 09:03:38] New version updated:  to 
[09/03/2016 09:03:38] New version updated:  to 
[09/03/2016 09:03:38] New version updated:  to 
[09/03/2016 09:03:38] New version updated:  to 
[09/03/2016 09:03:38] New version updated:  to 
[09/03/2016 09:03:38] New version updated:  to 
[09/03/2016 09:03:38] New version updated:  to 
[09/03/2016 09:03:38] New version updated:  to 
[09/03/2016 09:03:38] New version updated:  to 
[09/03/2016 09:03:38] New version updated:  to 
[09/03/2016 09:03:38] New version updated:  to 
[09/03/2016 09:03:38] New version updated:  to 
[09/03/2016 09:03:38] New version updated:  to 
[09/03/2016 09:03:38] New version updated:  to 
[09/03/2016 09:03:38] New version updated:  to 
[09/03/2016 09:03:38] New version updated:  to 
[09/03/2016 09:03:38] New version updated:  to 
[09/03/2016 09:03:38] New version updated:  to 
[09/03/2016 09:03:38] New version updated:  to 
[09/03/2016 09:03:38] New version updated:  to 
[09/03/2016 09:03:38] New version updated:  to 
[09/03/2016 09:03:38] New version updated:  to 
[09/03/2016 09:03:38] New version updated:  to 
[09/03/2016 09:03:38] New version updated:  to 
[09/03/2016 09:03:38] New version updated:  to 
[09/03/2016 09:03:38] New version updated:  to 
[09/03/2016 09:03:38] New version updated:  to 
[09/03/2016 09:03:38] New version updated:  to 
[09/03/2016 09:03:38] New version updated:  to 
[09/03/2016 09:03:38] New version updated:  to 
[09/03/2016 09:03:38] New version updated:  to 
[09/03/2016 09:03:38] New version updated:  to 
[09/03/2016 09:03:38] New version updated:  to 
[09/03/2016 09:03:38] New version updated:  to 
[09/03/2016 09:03:38] New version updated:  to 
[09/03/2016 09:03:38] New version updated:  to 
[09/03/2016 09:03:38] New version updated:  to 
[09/03/2016 09:03:38] New version updated:  to 
[09/03/2016 09:03:38] New version updated:  to 
[09/03/2016 09:03:38] New version updated:  to 
[09/03/2016 09:03:38] New version updated:  to 
[09/03/2016 09:03:38] New version updated:  to 
[09/03/2016 09:03:38] New version updated:  to 
[09/03/2016 09:03:38] New version updated:  to 
[09/03/2016 09:03:38] New version updated:  to 
[09/03/2016 09:03:38] New version updated:  to 
[09/03/2016 09:03:38] New version updated:  to 
[09/03/2016 09:03:38] New version updated:  to 
[09/03/2016 09:03:38] New version updated:  to 
[09/03/2016 09:03:38] New version updated:  to 
[09/03/2016 09:03:38] New version updated:  to 
[09/03/2016 09:03:38] New version updated:  to 
[09/03/2016 09:03:38] New version updated:  to 
[09/03/2016 09:03:38] New version updated:  to 
[09/03/2016 09:03:38] New version updated:  to 
[09/03/2016 09:03:38] New version updated:  to 
[09/03/2016 09:03:38] New version updated:  to 
[09/03/2016 09:03:38] New version updated:  to 
[09/03/2016 09:03:38] New version updated:  to 
[09/03/2016 09:03:38] New version updated:  to 
[09/03/2016 09:03:38] New version updated:  to 
[09/03/2016 09:03:38] New version updated:  to 
[09/03/2016 09:03:38] New version updated:  to 
[09/03/2016 09:03:38] New version updated:  to 
[09/03/2016 09:03:38] New version updated:  to 
[09/03/2016 09:03:38] New version updated:  to 
[09/03/2016 09:03:38] New version updated:  to 
[09/03/2016 09:03:38] New version updated:  to 
[09/03/2016 09:03:38] New version updated:  to 
[09/03/2016 09:03:38] New version updated:  to 
[09/03/2016 09:03:38] New version updated:  to 
[09/03/2016 09:03:38] New version updated:  to 
[09/03/2016 09:03:38] New version updated:  to 
[09/03/2016 09:03:38] New version updated:  to 
[09/03/2016 09:03:38] New version updated:  to 
[09/03/2016 09:03:38] New version updated:  to 
[09/03/2016 09:03:38] New version updated:  to 
[09/03/2016 09:03:38] New version updated:  to 
[09/03/2016 09:03:38] New version updated:  to 
[09/03/2016 09:03:38] New version updated:  to 
[09/03/2016 09:03:38] New version updated:  to 
[09/03/2016 09:03:38] New version updated:  to 
[09/03/2016 09:03:38] New version updated:  to 
[09/03/2016 09:03:38] New version updated:  to 
[09/03/2016 09:03:38] New version updated:  to 
[09/03/2016 09:03:38] New version updated:  to 
[09/03/2016 09:03:38] New version updated:  to 
[09/03/2016 09:03:38] New version updated:  to 
[09/03/2016 09:03:38] New version updated:  to 
[09/03/2016 09:03:38] New version updated:  to 
[09/03/2016 09:03:38] New version updated:  to 
[09/03/2016 09:03:38] New version updated:  to 
[09/03/2016 09:03:38] New version updated:  to 
[09/03/2016 09:03:38] New version updated:  to 
[09/03/2016 09:03:38] New version updated:  to 
[09/03/2016 09:03:38] New version updated:  to 
[09/03/2016 09:03:38] New version updated:  to 
[09/03/2016 09:03:38] New version updated:  to 
[09/03/2016 09:03:38] New version updated:  to 
[09/03/2016 09:03:38] New version updated:  to 
[09/03/2016 09:03:38] New version updated:  to 
[09/03/2016 09:03:38] New version updated:  to 
[09/03/2016 09:03:38] New version updated:  to 
[09/03/2016 09:03:38] New version updated:  to 
[09/03/2016 09:03:38] New version updated:  to 
[09/03/2016 09:03:38] New version updated:  to 
[09/03/2016 09:03:38] New version updated:  to 
[09/03/2016 09:03:38] New version updated:  to 
[09/03/2016 09:03:38] New version updated:  to 
[09/03/2016 09:03:38] New version updated:  to 
[09/03/2016 09:03:38] New version updated:  to 
[09/03/2016 09:03:38] New version updated:  to 
[09/03/2016 09:03:38] New version updated:  to 
[09/03/2016 09:03:38] New version updated:  to 
[09/03/2016 09:03:38] New version updated:  to 
[09/03/2016 09:03:38] New version updated:  to 
[09/03/2016 09:03:38] New version updated:  to 
[09/03/2016 09:03:38] New version updated:  to 
[09/03/2016 09:03:38] New version updated:  to 
[09/03/2016 09:03:38] New version updated:  to 
[09/03/2016 09:03:38] New version updated:  to 
[09/03/2016 09:03:38] New version updated:  to 
[09/03/2016 09:03:38] New version updated:  to 
[09/03/2016 09:03:38] New version updated:  to 
[09/03/2016 09:03:38] New version updated:  to 
[09/03/2016 09:03:38] New version updated:  to 
[09/03/2016 09:03:38] New version updated:  to 
[09/03/2016 09:03:38] New version updated:  to 
[09/03/2016 09:03:38] New version updated:  to 
[09/03/2016 09:03:38] New version updated:  to 
[09/03/2016 09:03:38] New version updated:  to 
[09/03/2016 09:03:38] New version updated:  to 
[10/03/2016 05:03:00] New version updated:  to 
[10/03/2016 05:03:00] New version updated:  to 
[10/03/2016 05:03:00] New version updated:  to 
[10/03/2016 05:03:00] New version updated:  to 
[10/03/2016 05:03:00] New version updated:  to 
[10/03/2016 05:03:00] New version updated:  to 
[10/03/2016 05:03:00] New version updated:  to 
[10/03/2016 05:03:00] New version updated:  to 
[10/03/2016 05:03:00] New version updated:  to 
[10/03/2016 05:03:00] New version updated:  to 
[10/03/2016 05:03:00] New version updated:  to 
[10/03/2016 05:03:00] New version updated:  to 
[10/03/2016 05:03:00] New version updated:  to 
[10/03/2016 05:03:00] New version updated:  to 
[10/03/2016 05:03:00] New version updated:  to 
[10/03/2016 05:03:00] New version updated:  to 
[10/03/2016 05:03:00] New version updated:  to 
[10/03/2016 05:03:00] New version updated:  to 
[10/03/2016 05:03:00] New version updated:  to 
[10/03/2016 05:03:00] New version updated:  to 
[10/03/2016 05:03:00] New version updated:  to 
[10/03/2016 05:03:00] New version updated:  to 
[10/03/2016 05:03:00] New version updated:  to 
[10/03/2016 05:03:00] New version updated:  to 
[10/03/2016 05:03:00] New version updated:  to 
[10/03/2016 05:03:00] New version updated:  to 
[10/03/2016 05:03:00] New version updated:  to 
[10/03/2016 05:03:00] New version updated:  to 
[10/03/2016 05:03:00] New version updated:  to 
[10/03/2016 05:03:00] New version updated:  to 
[10/03/2016 05:03:00] New version updated:  to 
[10/03/2016 05:03:00] New version updated:  to 
[10/03/2016 05:03:00] New version updated:  to 
[10/03/2016 05:03:00] New version updated:  to 
[10/03/2016 05:03:00] New version updated:  to 
[10/03/2016 05:03:00] New version updated:  to 
[10/03/2016 05:03:00] New version updated:  to 
[10/03/2016 05:03:00] New version updated:  to 
[10/03/2016 05:03:00] New version updated:  to 
[10/03/2016 05:03:00] New version updated:  to 
[10/03/2016 05:03:00] New version updated:  to 
[10/03/2016 05:03:00] New version updated:  to 
[10/03/2016 05:03:00] New version updated:  to 
[10/03/2016 05:03:00] New version updated:  to 
[10/03/2016 05:03:00] New version updated:  to 
[10/03/2016 05:03:00] New version updated:  to 
[10/03/2016 05:03:00] New version updated:  to 
[10/03/2016 05:03:00] New version updated:  to 
[10/03/2016 05:03:00] New version updated:  to 
[10/03/2016 05:03:00] New version updated:  to 
[10/03/2016 05:03:00] New version updated:  to 
[10/03/2016 05:03:00] New version updated:  to 
[10/03/2016 05:03:00] New version updated:  to 
[10/03/2016 05:03:00] New version updated:  to 
[10/03/2016 05:03:00] New version updated:  to 
[10/03/2016 05:03:00] New version updated:  to 
[10/03/2016 05:03:00] New version updated:  to 
[10/03/2016 05:03:00] New version updated:  to 
[10/03/2016 05:03:00] New version updated:  to 
[10/03/2016 05:03:00] New version updated:  to 
[10/03/2016 05:03:00] New version updated:  to 
[10/03/2016 05:03:00] New version updated:  to 
[10/03/2016 05:03:00] New version updated:  to 
[10/03/2016 05:03:00] New version updated:  to 
[10/03/2016 05:03:00] New version updated:  to 
[10/03/2016 05:03:00] New version updated:  to 
[10/03/2016 05:03:00] New version updated:  to 
[10/03/2016 05:03:00] New version updated:  to 
[10/03/2016 05:03:00] New version updated:  to 
[10/03/2016 05:03:00] New version updated:  to 
[10/03/2016 05:03:00] New version updated:  to 
[10/03/2016 05:03:00] New version updated:  to 
[10/03/2016 05:03:00] New version updated:  to 
[10/03/2016 05:03:00] New version updated:  to 
[10/03/2016 05:03:00] New version updated:  to 
[10/03/2016 05:03:00] New version updated:  to 
[10/03/2016 05:03:00] New version updated:  to 
[10/03/2016 05:03:00] New version updated:  to 
[10/03/2016 05:03:00] New version updated:  to 
[10/03/2016 05:03:00] New version updated:  to 
[10/03/2016 05:03:00] New version updated:  to 
[10/03/2016 05:03:00] New version updated:  to 
[10/03/2016 05:03:00] New version updated:  to 
[10/03/2016 05:03:00] New version updated:  to 
[10/03/2016 05:03:00] New version updated:  to 
[10/03/2016 05:03:00] New version updated:  to 
[10/03/2016 05:03:00] New version updated:  to 
[10/03/2016 05:03:00] New version updated:  to 
[10/03/2016 05:03:00] New version updated:  to 
[10/03/2016 05:03:00] New version updated:  to 
[10/03/2016 05:03:00] New version updated:  to 
[10/03/2016 05:03:00] New version updated:  to 
[10/03/2016 05:03:00] New version updated:  to 
[10/03/2016 05:03:00] New version updated:  to 
[10/03/2016 05:03:00] New version updated:  to 
[10/03/2016 05:03:00] New version updated:  to 
[10/03/2016 05:03:00] New version updated:  to 
[10/03/2016 05:03:00] New version updated:  to 
[10/03/2016 05:03:00] New version updated:  to 
[10/03/2016 05:03:00] New version updated:  to 
[10/03/2016 05:03:00] New version updated:  to 
[10/03/2016 05:03:00] New version updated:  to 
[10/03/2016 05:03:00] New version updated:  to 
[10/03/2016 05:03:00] New version updated:  to 
[10/03/2016 05:03:00] New version updated:  to 
[10/03/2016 05:03:00] New version updated:  to 
[10/03/2016 05:03:00] New version updated:  to 
[10/03/2016 05:03:00] New version updated:  to 
[10/03/2016 05:03:00] New version updated:  to 
[10/03/2016 05:03:00] New version updated:  to 
[10/03/2016 05:03:00] New version updated:  to 
[10/03/2016 05:03:00] New version updated:  to 
[10/03/2016 05:03:00] New version updated:  to 
[10/03/2016 05:03:00] New version updated:  to 
[10/03/2016 05:03:00] New version updated:  to 
[10/03/2016 05:03:00] New version updated:  to 
[10/03/2016 05:03:00] New version updated:  to 
[10/03/2016 05:03:00] New version updated:  to 
[10/03/2016 05:03:00] New version updated:  to 
[10/03/2016 05:03:00] New version updated:  to 
[10/03/2016 05:03:00] New version updated:  to 
[10/03/2016 05:03:00] New version updated:  to 
[10/03/2016 05:03:00] New version updated:  to 
[10/03/2016 05:03:00] New version updated:  to 
[10/03/2016 05:03:00] New version updated:  to 
[10/03/2016 05:03:00] New version updated:  to 
[10/03/2016 05:03:00] New version updated:  to 
[10/03/2016 05:03:00] New version updated:  to 
[10/03/2016 05:03:00] New version updated:  to 
[10/03/2016 05:03:00] New version updated:  to 
[10/03/2016 05:03:00] New version updated:  to 
[10/03/2016 05:03:00] New version updated:  to 
[10/03/2016 05:03:00] New version updated:  to 
[10/03/2016 05:03:00] New version updated:  to 
[10/03/2016 05:03:00] New version updated:  to 
[10/03/2016 05:03:00] New version updated:  to 
[10/03/2016 05:03:00] New version updated:  to 
[10/03/2016 05:03:00] New version updated:  to 
[10/03/2016 05:03:00] New version updated:  to 
[10/03/2016 05:03:00] New version updated:  to 
[10/03/2016 05:03:00] New version updated:  to 
[10/03/2016 05:03:00] New version updated:  to 
[10/03/2016 05:03:00] New version updated:  to 
[10/03/2016 05:03:00] New version updated:  to 
[10/03/2016 05:03:00] New version updated:  to 
[10/03/2016 05:03:00] New version updated:  to 
[10/03/2016 05:03:00] New version updated:  to 
[10/03/2016 05:03:00] New version updated:  to 
[10/03/2016 05:03:00] New version updated:  to 
[10/03/2016 05:03:00] New version updated:  to 
[10/03/2016 05:03:00] New version updated:  to 
[10/03/2016 05:03:00] New version updated:  to 
[10/03/2016 05:03:00] New version updated:  to 
[10/03/2016 05:03:00] New version updated:  to 
[10/03/2016 05:03:00] New version updated:  to 
[10/03/2016 05:03:00] New version updated:  to 
[10/03/2016 05:03:00] New version updated:  to 
[10/03/2016 05:03:00] New version updated:  to 
[10/03/2016 05:03:00] New version updated:  to 
[10/03/2016 05:03:00] New version updated:  to 
[10/03/2016 05:03:00] New version updated:  to 
[10/03/2016 05:03:00] New version updated:  to 
[10/03/2016 05:03:00] New version updated:  to 
[10/03/2016 05:03:00] New version updated:  to 
[10/03/2016 05:03:00] New version updated:  to 
[10/03/2016 05:03:00] New version updated:  to 
[10/03/2016 05:03:00] New version updated:  to 
[10/03/2016 05:03:00] New version updated:  to 
[10/03/2016 05:03:00] New version updated:  to 
[10/03/2016 05:03:00] New version updated:  to 
[10/03/2016 05:03:00] New version updated:  to 
[10/03/2016 05:03:00] New version updated:  to 
[10/03/2016 05:03:00] New version updated:  to 
[10/03/2016 05:03:00] New version updated:  to 
[10/03/2016 05:03:00] New version updated:  to 
[10/03/2016 05:03:00] New version updated:  to 
[10/03/2016 05:03:00] New version updated:  to 
[10/03/2016 05:03:00] New version updated:  to 
[10/03/2016 05:03:00] New version updated:  to 
[10/03/2016 05:03:00] New version updated:  to 
[10/03/2016 05:03:00] New version updated:  to 
[10/03/2016 05:03:00] New version updated:  to 
[10/03/2016 05:03:00] New version updated:  to 
[10/03/2016 05:03:00] New version updated:  to 
[10/03/2016 05:03:00] New version updated:  to 
[10/03/2016 05:03:00] New version updated:  to 
[10/03/2016 05:03:00] New version updated:  to 
[10/03/2016 05:03:00] New version updated:  to 
[10/03/2016 05:03:00] New version added: 6.5.1
[10/03/2016 05:03:00] New version added: 6.5.1
[10/03/2016 05:03:00] New version added: 6.5.1
[10/03/2016 05:03:00] New version added: 6.5.1
[10/03/2016 05:03:00] New version added: 6.5.1
[10/03/2016 05:03:00] New version added: 6.5.1
[10/03/2016 05:03:00] New version added: 6.5.1
[10/03/2016 05:03:00] New version added: 6.5.1
[10/03/2016 05:03:00] New version added: 6.5.1
[10/03/2016 05:03:00] New version added: 6.5.1
[10/03/2016 05:03:00] New version added: 6.5.1
[10/03/2016 05:03:00] New version added: 6.5.1
[10/03/2016 05:03:00] New version added: 6.5.1
[10/03/2016 05:03:00] New version added: 6.5.1
[10/03/2016 05:03:00] New version added: 6.5.1
[10/03/2016 05:03:00] New version added: 6.5.1
[10/03/2016 05:03:00] New version added: 6.5.1
[10/03/2016 05:03:00] New version added: 6.5.1
[10/03/2016 05:03:00] New version added: 6.5.1
[10/03/2016 05:03:00] New version added: 6.5.1
[10/03/2016 05:03:00] New version added: 6.5.1
[10/03/2016 05:03:00] New version added: 6.5.1
[10/03/2016 05:03:00] New version added: 6.5.1
[10/03/2016 05:03:00] New version added: 6.5.1
[10/03/2016 05:03:00] New version added: 6.5.1
[10/03/2016 05:03:00] New version added: 6.5.1
[10/03/2016 05:03:00] New version added: 6.5.1
[10/03/2016 05:03:00] New version added: 6.5.1
[10/03/2016 05:03:00] New version added: 6.5.1
[10/03/2016 05:03:00] New version added: 6.5.1
[10/03/2016 05:03:00] New version added: 6.5.1
[10/03/2016 05:03:00] New version added: 6.5.1
[10/03/2016 05:03:00] New version added: 6.5.1
[10/03/2016 05:03:00] New version added: 6.5.1
[10/03/2016 05:03:00] New version added: 6.5.1
[10/03/2016 05:03:00] New version added: 6.5.1
[10/03/2016 05:03:00] New version added: 6.5.1
[10/03/2016 05:03:00] New version added: 6.5.1
[10/03/2016 05:03:00] New version added: 6.5.1
[10/03/2016 05:03:00] New version added: 6.5.1
[10/03/2016 05:03:00] New version added: 6.5.1
[10/03/2016 05:03:00] New version added: 6.5.1
[10/03/2016 05:03:00] New version added: 6.5.1
[10/03/2016 05:03:00] New version added: 6.5.1
[10/03/2016 05:03:00] New version added: 6.5.1
[10/03/2016 05:03:00] New version added: 6.5.1
[10/03/2016 05:03:00] New version added: 6.5.1
[10/03/2016 05:03:00] New version added: 6.5.1
[10/03/2016 05:03:00] New version added: 6.5.1
[10/03/2016 05:03:00] New version added: 6.5.1
[10/03/2016 05:03:00] New version added: 6.5.1
[10/03/2016 05:03:00] New version added: 6.5.1
[10/03/2016 05:03:00] New version added: 6.5.1
[10/03/2016 05:03:00] New version added: 6.5.1
[10/03/2016 05:03:00] New version added: 6.5.1
[10/03/2016 05:03:00] New version added: 6.5.1
[10/03/2016 05:03:00] New version added: 6.5.1
[10/03/2016 05:03:00] New version added: 6.5.1
[10/03/2016 05:03:00] New version added: 6.5.1
[10/03/2016 05:03:00] New version added: 6.5.1
[10/03/2016 05:03:00] New version added: 6.5.1
[10/03/2016 05:03:00] New version added: 6.5.1
[10/03/2016 05:03:00] New version added: 6.5.1
[10/03/2016 05:03:00] New version added: 6.5.1
[10/03/2016 05:03:00] New version added: 6.5.1
[10/03/2016 05:03:00] New version added: 6.5.1
[10/03/2016 05:03:00] New version added: 6.5.1
[10/03/2016 05:03:00] New version added: 6.5.1
[10/03/2016 05:03:00] New version added: 6.5.1
[10/03/2016 05:03:00] New version added: 6.5.1
[10/03/2016 05:03:00] New version added: 6.5.1
[10/03/2016 05:03:00] New version added: 6.5.1
[10/03/2016 05:03:00] New version added: 6.5.1
[10/03/2016 05:03:00] New version added: 6.5.1
[10/03/2016 05:03:00] New version added: 6.5.1
[10/03/2016 05:03:00] New version added: 6.5.1
[10/03/2016 05:03:00] New version added: 6.5.1
[10/03/2016 05:03:00] New version added: 6.5.1
[10/03/2016 05:03:00] New version added: 6.5.1
[10/03/2016 05:03:00] New version added: 6.5.1
[10/03/2016 05:03:00] New version added: 6.5.1
[10/03/2016 05:03:00] New version added: 6.5.1
[10/03/2016 05:03:00] New version added: 6.5.1
[10/03/2016 05:03:00] New version added: 6.5.1
[10/03/2016 05:03:00] New version added: 6.5.1
[10/03/2016 05:03:00] New version added: 6.5.1
[10/03/2016 05:03:00] New version added: 6.5.1
[10/03/2016 05:03:00] New version added: 6.5.1
[10/03/2016 05:03:00] New version added: 6.5.1
[10/03/2016 05:03:00] New version added: 6.5.1
[10/03/2016 05:03:00] New version added: 6.5.1
[10/03/2016 05:03:00] New version added: 6.5.1
[10/03/2016 05:03:00] New version added: 6.5.1
[10/03/2016 05:03:00] New version added: 6.5.1
[10/03/2016 05:03:00] New version added: 6.5.1
[10/03/2016 05:03:00] New version added: 6.5.1
[10/03/2016 05:03:00] New version added: 6.5.1
[10/03/2016 05:03:00] New version added: 6.5.1
[10/03/2016 05:03:00] New version added: 6.5.1
[10/03/2016 05:03:00] New version added: 6.5.1
[10/03/2016 05:03:00] New version added: 6.5.1
[10/03/2016 05:03:00] New version added: 6.5.1
[10/03/2016 05:03:00] New version added: 6.5.1
[10/03/2016 05:03:00] New version added: 6.5.1
[10/03/2016 05:03:00] New version added: 6.5.1
[10/03/2016 05:03:00] New version added: 6.5.1
[10/03/2016 05:03:00] New version added: 6.5.1
[10/03/2016 05:03:00] New version added: 6.5.1
[10/03/2016 05:03:00] New version added: 6.5.1
[10/03/2016 05:03:00] New version added: 6.5.1
[10/03/2016 05:03:00] New version added: 6.5.1
[10/03/2016 05:03:00] New version added: 6.5.1
[10/03/2016 05:03:00] New version added: 6.5.1
[10/03/2016 05:03:00] New version added: 6.5.1
[10/03/2016 05:03:00] New version added: 6.5.1
[10/03/2016 05:03:00] New version added: 6.5.1
[10/03/2016 05:03:00] New version added: 6.5.1
[10/03/2016 05:03:00] New version added: 6.5.1
[10/03/2016 05:03:00] New version added: 6.5.1
[10/03/2016 05:03:00] New version added: 6.5.1
[10/03/2016 05:03:00] New version added: 6.5.1
[10/03/2016 05:03:00] New version added: 6.5.1
[10/03/2016 05:03:00] New version added: 6.5.1
[10/03/2016 05:03:00] New version added: 6.5.1
[10/03/2016 05:03:00] New version added: 6.5.1
[10/03/2016 05:03:00] New version added: 6.5.1
[10/03/2016 05:03:00] New version added: 6.5.1
[10/03/2016 05:03:00] New version added: 6.5.1
[10/03/2016 05:03:00] New version added: 6.5.1
[10/03/2016 05:03:00] New version added: 6.5.1
[10/03/2016 05:03:00] New version added: 6.5.1
[10/03/2016 05:03:00] New version added: 6.5.1
[10/03/2016 05:03:00] New version added: 6.5.1
[10/03/2016 05:03:00] New version added: 6.5.1
[10/03/2016 05:03:00] New version added: 6.5.1
[10/03/2016 05:03:00] New version added: 6.5.1
[10/03/2016 05:03:00] New version added: 6.5.1
[10/03/2016 05:03:00] New version added: 6.5.1
[10/03/2016 05:03:00] New version added: 6.5.1
[10/03/2016 05:03:00] New version added: 6.5.1
[10/03/2016 05:03:00] New version added: 6.5.1
[10/03/2016 05:03:00] New version added: 6.5.1
[10/03/2016 05:03:00] New version added: 6.5.1
[10/03/2016 05:03:00] New version added: 6.5.1
[10/03/2016 05:03:00] New version added: 6.5.1
[10/03/2016 05:03:00] New version added: 6.5.1
[10/03/2016 05:03:00] New version added: 6.5.1
[10/03/2016 05:03:00] New version added: 6.5.1
[10/03/2016 05:03:00] New version added: 6.5.1
[10/03/2016 05:03:00] New version added: 6.5.1
[10/03/2016 05:03:00] New version added: 6.5.1
[10/03/2016 05:03:00] New version added: 6.5.1
[10/03/2016 05:03:00] New version added: 6.5.1
[10/03/2016 05:03:00] New version added: 6.5.1
[10/03/2016 05:03:00] New version added: 6.5.1
[10/03/2016 05:03:00] New version added: 6.5.1
[10/03/2016 05:03:00] New version added: 6.5.1
[10/03/2016 05:03:00] New version added: 6.5.1
[10/03/2016 05:03:00] New version added: 6.5.1
[10/03/2016 05:03:00] New version added: 6.5.1
[10/03/2016 05:03:00] New version added: 6.5.1
[10/03/2016 05:03:00] New version added: 6.5.1
[10/03/2016 05:03:00] New version added: 6.5.1
[10/03/2016 05:03:00] New version added: 6.5.1
[10/03/2016 05:03:00] New version added: 6.5.1
[10/03/2016 05:03:00] New version added: 6.5.1
[10/03/2016 05:03:00] New version added: 6.5.1
[10/03/2016 05:03:00] New version added: 6.5.1
[10/03/2016 05:03:00] New version added: 6.5.1
[10/03/2016 05:03:00] New version added: 6.5.1
[10/03/2016 05:03:00] New version added: 6.5.1
[10/03/2016 05:03:00] New version added: 6.5.1
[10/03/2016 05:03:00] New version added: 6.5.1
[10/03/2016 05:03:00] New version added: 6.5.1
[10/03/2016 05:03:00] New version added: 6.5.1
[10/03/2016 05:03:00] New version added: 6.5.1
[10/03/2016 05:03:00] New version added: 6.5.1
[10/03/2016 05:03:00] New version added: 6.5.1
[10/03/2016 05:03:00] New version added: 6.5.1
[10/03/2016 05:03:00] New version added: 6.5.1
[10/03/2016 05:03:00] New version added: 6.5.1
[10/03/2016 05:03:00] New version added: 6.5.1
[10/03/2016 05:03:00] New version added: 6.5.1
[10/03/2016 05:03:00] New version added: 6.5.1
[10/03/2016 05:03:00] New version added: 6.5.1
[10/03/2016 05:03:00] New version added: 6.5.1
[10/03/2016 05:03:00] New version added: 6.5.1
[10/03/2016 05:03:00] New version added: 6.5.1
[11/03/2016 05:03:00] New version added: 6.5.1
[11/03/2016 05:03:00] New version added: 6.5.1
[11/03/2016 05:03:00] New version added: 6.5.1
[11/03/2016 05:03:00] New version added: 6.5.1
[11/03/2016 05:03:00] New version added: 6.5.1
[11/03/2016 05:03:00] New version added: 6.5.1
[11/03/2016 05:03:00] New version added: 6.5.1
[11/03/2016 05:03:00] New version added: 6.5.1
[11/03/2016 05:03:00] New version added: 6.5.1
[11/03/2016 05:03:00] New version added: 6.5.1
[11/03/2016 05:03:00] New version added: 6.5.1
[11/03/2016 05:03:00] New version added: 6.5.1
[11/03/2016 05:03:00] New version added: 6.5.1
[11/03/2016 05:03:00] New version added: 6.5.1
[11/03/2016 05:03:00] New version added: 6.5.1
[11/03/2016 05:03:00] New version added: 6.5.1
[11/03/2016 05:03:00] New version added: 6.5.1
[11/03/2016 05:03:00] New version added: 6.5.1
[11/03/2016 05:03:00] New version added: 6.5.1
[11/03/2016 05:03:00] New version added: 6.5.1
[11/03/2016 05:03:00] New version added: 6.5.1
[11/03/2016 05:03:00] New version added: 6.5.1
[11/03/2016 05:03:00] New version added: 6.5.1
[11/03/2016 05:03:00] New version added: 6.5.1
[11/03/2016 05:03:00] New version added: 6.5.1
[11/03/2016 05:03:00] New version added: 6.5.1
[11/03/2016 05:03:00] New version added: 6.5.1
[11/03/2016 05:03:00] New version added: 6.5.1
[11/03/2016 05:03:00] New version added: 6.5.1
[11/03/2016 05:03:00] New version added: 6.5.1
[11/03/2016 05:03:00] New version added: 6.5.1
[11/03/2016 05:03:00] New version added: 6.5.1
[11/03/2016 05:03:00] New version added: 6.5.1
[11/03/2016 05:03:00] New version added: 6.5.1
[11/03/2016 05:03:00] New version added: 6.5.1
[11/03/2016 05:03:00] New version added: 6.5.1
[11/03/2016 05:03:00] New version added: 6.5.1
[11/03/2016 05:03:00] New version added: 6.5.1
[11/03/2016 05:03:00] New version added: 6.5.1
[11/03/2016 05:03:00] New version added: 6.5.1
[11/03/2016 05:03:00] New version added: 6.5.1
[11/03/2016 05:03:00] New version added: 6.5.1
[11/03/2016 05:03:00] New version added: 6.5.1
[11/03/2016 05:03:00] New version added: 6.5.1
[11/03/2016 05:03:00] New version added: 6.5.1
[11/03/2016 05:03:00] New version added: 6.5.1
[11/03/2016 05:03:00] New version added: 6.5.1
[11/03/2016 05:03:00] New version added: 6.5.1
[11/03/2016 05:03:00] New version added: 6.5.1
[11/03/2016 05:03:00] New version added: 6.5.1
[11/03/2016 05:03:00] New version added: 6.5.1
[11/03/2016 05:03:00] New version added: 6.5.1
[11/03/2016 05:03:00] New version added: 6.5.1
[11/03/2016 05:03:00] New version added: 6.5.1
[11/03/2016 05:03:00] New version added: 6.5.1
[11/03/2016 05:03:00] New version added: 6.5.1
[11/03/2016 05:03:00] New version added: 6.5.1
[11/03/2016 05:03:00] New version added: 6.5.1
[11/03/2016 05:03:00] New version added: 6.5.1
[11/03/2016 05:03:00] New version added: 6.5.1
[11/03/2016 05:03:00] New version added: 6.5.1
[11/03/2016 05:03:00] New version added: 6.5.1
[11/03/2016 05:03:00] New version added: 6.5.1
[11/03/2016 05:03:00] New version added: 6.5.1
[11/03/2016 05:03:00] New version added: 6.5.1
[11/03/2016 05:03:00] New version added: 6.5.1
[11/03/2016 05:03:00] New version added: 6.5.1
[11/03/2016 05:03:00] New version added: 6.5.1
[11/03/2016 05:03:00] New version added: 6.5.1
[11/03/2016 05:03:00] New version added: 6.5.1
[11/03/2016 05:03:00] New version added: 6.5.1
[11/03/2016 05:03:00] New version added: 6.5.1
[11/03/2016 05:03:00] New version added: 6.5.1
[11/03/2016 05:03:00] New version added: 6.5.1
[11/03/2016 05:03:00] New version added: 6.5.1
[11/03/2016 05:03:00] New version added: 6.5.1
[11/03/2016 05:03:00] New version added: 6.5.1
[11/03/2016 05:03:00] New version added: 6.5.1
[11/03/2016 05:03:00] New version added: 6.5.1
[11/03/2016 05:03:00] New version added: 6.5.1
[11/03/2016 05:03:00] New version added: 6.5.1
[11/03/2016 05:03:00] New version added: 6.5.1
[11/03/2016 05:03:00] New version added: 6.5.1
[11/03/2016 05:03:00] New version added: 6.5.1
[11/03/2016 05:03:00] New version added: 6.5.1
[11/03/2016 05:03:00] New version added: 6.5.1
[11/03/2016 05:03:00] New version added: 6.5.1
[11/03/2016 05:03:00] New version added: 6.5.1
[11/03/2016 05:03:00] New version added: 6.5.1
[11/03/2016 05:03:00] New version added: 6.5.1
[11/03/2016 05:03:00] New version added: 6.5.1
[11/03/2016 05:03:00] New version added: 6.5.1
[11/03/2016 05:03:00] New version added: 6.5.1
[11/03/2016 05:03:00] New version added: 6.5.1
[11/03/2016 05:03:00] New version added: 6.5.1
[11/03/2016 05:03:00] New version added: 6.5.1
[11/03/2016 05:03:00] New version added: 6.5.1
[11/03/2016 05:03:00] New version added: 6.5.1
[11/03/2016 05:03:00] New version added: 6.5.1
[11/03/2016 05:03:00] New version added: 6.5.1
[11/03/2016 05:03:00] New version added: 6.5.1
[11/03/2016 05:03:00] New version added: 6.5.1
[11/03/2016 05:03:00] New version added: 6.5.1
[11/03/2016 05:03:00] New version added: 6.5.1
[11/03/2016 05:03:00] New version added: 6.5.1
[11/03/2016 05:03:00] New version added: 6.5.1
[11/03/2016 05:03:00] New version added: 6.5.1
[11/03/2016 05:03:00] New version added: 6.5.1
[11/03/2016 05:03:00] New version added: 6.5.1
[11/03/2016 05:03:00] New version added: 6.5.1
[11/03/2016 05:03:00] New version added: 6.5.1
[11/03/2016 05:03:00] New version added: 6.5.1
[11/03/2016 05:03:00] New version added: 6.5.1
[11/03/2016 05:03:00] New version added: 6.5.1
[11/03/2016 05:03:00] New version added: 6.5.1
[11/03/2016 05:03:00] New version added: 6.5.1
[11/03/2016 05:03:00] New version added: 6.5.1
[11/03/2016 05:03:00] New version added: 6.5.1
[11/03/2016 05:03:00] New version added: 6.5.1
[11/03/2016 05:03:00] New version added: 6.5.1
[11/03/2016 05:03:00] New version added: 6.5.1
[11/03/2016 05:03:00] New version added: 6.5.1
[11/03/2016 05:03:00] New version added: 6.5.1
[11/03/2016 05:03:00] New version added: 6.5.1
[11/03/2016 05:03:00] New version added: 6.5.1
[11/03/2016 05:03:00] New version added: 6.5.1
[11/03/2016 05:03:00] New version added: 6.5.1
[11/03/2016 05:03:00] New version added: 6.5.1
[11/03/2016 05:03:00] New version added: 6.5.1
[11/03/2016 05:03:00] New version added: 6.5.1
[11/03/2016 05:03:00] New version added: 6.5.1
[11/03/2016 05:03:00] New version added: 6.5.1
[11/03/2016 05:03:00] New version added: 6.5.1
[11/03/2016 05:03:00] New version added: 6.5.1
[11/03/2016 05:03:00] New version added: 6.5.1
[11/03/2016 05:03:00] New version added: 6.5.1
[11/03/2016 05:03:00] New version added: 6.5.1
[11/03/2016 05:03:00] New version added: 6.5.1
[11/03/2016 05:03:00] New version added: 6.5.1
[11/03/2016 05:03:00] New version added: 6.5.1
[11/03/2016 05:03:00] New version added: 6.5.1
[11/03/2016 05:03:00] New version added: 6.5.1
[11/03/2016 05:03:00] New version added: 6.5.1
[11/03/2016 05:03:00] New version added: 6.5.1
[11/03/2016 05:03:00] New version added: 6.5.1
[11/03/2016 05:03:00] New version added: 6.5.1
[11/03/2016 05:03:00] New version added: 6.5.1
[11/03/2016 05:03:00] New version added: 6.5.1
[11/03/2016 05:03:00] New version added: 6.5.1
[11/03/2016 05:03:00] New version added: 6.5.1
[11/03/2016 05:03:00] New version added: 6.5.1
[11/03/2016 05:03:00] New version added: 6.5.1
[11/03/2016 05:03:00] New version added: 6.5.1
[11/03/2016 05:03:00] New version added: 6.5.1
[11/03/2016 05:03:00] New version added: 6.5.1
[11/03/2016 05:03:00] New version added: 6.5.1
[11/03/2016 05:03:00] New version added: 6.5.1
[11/03/2016 05:03:00] New version added: 6.5.1
[11/03/2016 05:03:00] New version added: 6.5.1
[11/03/2016 05:03:00] New version added: 6.5.1
[11/03/2016 05:03:00] New version added: 6.5.1
[11/03/2016 05:03:00] New version added: 6.5.1
[11/03/2016 05:03:00] New version added: 6.5.1
[11/03/2016 05:03:00] New version added: 6.5.1
[11/03/2016 05:03:00] New version added: 6.5.1
[11/03/2016 05:03:00] New version added: 6.5.1
[11/03/2016 05:03:00] New version added: 6.5.1
[11/03/2016 05:03:00] New version added: 6.5.1
[11/03/2016 05:03:00] New version added: 6.5.1
[11/03/2016 05:03:00] New version added: 6.5.1
[11/03/2016 05:03:00] New version added: 6.5.1
[11/03/2016 05:03:00] New version added: 6.5.1
[11/03/2016 05:03:00] New version added: 6.5.1
[11/03/2016 05:03:00] New version added: 6.5.1
[11/03/2016 05:03:00] New version added: 6.5.1
[11/03/2016 05:03:00] New version added: 6.5.1
[11/03/2016 05:03:00] New version added: 6.5.1
[11/03/2016 05:03:00] New version added: 6.5.1
[11/03/2016 05:03:00] New version added: 6.5.1
[11/03/2016 05:03:00] New version added: 6.5.1
[11/03/2016 05:03:00] New version added: 6.5.1
[11/03/2016 05:03:00] New version added: 6.5.1
[11/03/2016 05:03:00] New version added: 6.5.1
[11/03/2016 05:03:00] New version added: 6.5.1
[11/03/2016 05:03:00] New version added: 6.5.1
[11/03/2016 05:03:00] New version added: 6.5.1
[11/03/2016 05:03:00] New version added: 6.5.1
[11/03/2016 05:03:00] New version added: 6.5.1
[11/03/2016 05:03:00] New version added: 6.5.1
[11/03/2016 05:03:00] New version added: 6.5.1
[11/03/2016 05:03:00] New version added: 6.5.1
[11/03/2016 05:03:00] New version added: 6.5.1
[11/03/2016 05:03:00] New version added: 6.5.1
[11/03/2016 05:03:00] New version added: 6.5.1
[11/03/2016 05:03:00] New version added: 6.5.1
[11/03/2016 05:03:00] New version added: 6.5.1
[11/03/2016 05:03:00] New version added: 6.5.1
[11/03/2016 05:03:00] New version added: 6.5.1
[11/03/2016 05:03:00] New version added: 6.5.1
[11/03/2016 05:03:00] New version added: 6.5.1
[11/03/2016 05:03:00] New version added: 6.5.1
[11/03/2016 05:03:00] New version added: 6.5.1
[11/03/2016 05:03:00] New version added: 6.5.1
[11/03/2016 05:03:00] New version added: 6.5.1
[11/03/2016 05:03:00] New version added: 6.5.1
[11/03/2016 05:03:00] New version added: 6.5.1
[11/03/2016 05:03:00] New version added: 6.5.1
[11/03/2016 05:03:00] New version added: 6.5.1
[11/03/2016 05:03:00] New version added: 6.5.1
[11/03/2016 05:03:00] New version added: 6.5.1
[11/03/2016 05:03:00] New version added: 6.5.1
[11/03/2016 05:03:00] New version added: 6.5.1
[11/03/2016 05:03:00] New version added: 6.5.1
[11/03/2016 05:03:00] New version added: 6.5.1
[11/03/2016 05:03:00] New version added: 6.5.1
[11/03/2016 05:03:00] New version added: 6.5.1
[11/03/2016 05:03:00] New version added: 6.5.1
[11/03/2016 05:03:00] New version added: 6.5.1
[11/03/2016 05:03:00] New version added: 6.5.1
[11/03/2016 05:03:00] New version added: 6.5.1
[11/03/2016 05:03:00] New version added: 6.5.1
[11/03/2016 05:03:00] New version added: 6.5.1
[11/03/2016 05:03:00] New version added: 6.5.1
[11/03/2016 05:03:00] New version added: 6.5.1
[11/03/2016 05:03:00] New version added: 6.5.1
[11/03/2016 05:03:00] New version added: 6.5.1
[11/03/2016 05:03:00] New version added: 6.5.1
[11/03/2016 05:03:00] New version added: 6.5.1
[11/03/2016 05:03:00] New version added: 6.5.1
[11/03/2016 05:03:00] New version added: 6.5.1
[11/03/2016 05:03:00] New version added: 6.5.1
[11/03/2016 05:03:00] New version added: 6.5.1
[11/03/2016 05:03:00] New version added: 6.5.1
[11/03/2016 05:03:00] New version added: 6.5.1
[11/03/2016 05:03:00] New version added: 6.5.1
[11/03/2016 05:03:00] New version added: 6.5.1
[11/03/2016 05:03:00] New version added: 6.5.1
[11/03/2016 05:03:00] New version added: 6.5.1
[11/03/2016 05:03:00] New version added: 6.5.1
[11/03/2016 05:03:00] New version added: 6.5.1
[11/03/2016 05:03:00] New version added: 6.5.1
[11/03/2016 05:03:00] New version added: 6.5.1
[11/03/2016 05:03:00] New version added: 6.5.1
[11/03/2016 05:03:00] New version added: 6.5.1
[11/03/2016 05:03:00] New version added: 6.5.1
[11/03/2016 05:03:00] New version added: 6.5.1
[11/03/2016 05:03:00] New version added: 6.5.1
[11/03/2016 05:03:00] New version added: 6.5.1
[11/03/2016 05:03:00] New version added: 6.5.1
[11/03/2016 05:03:00] New version added: 6.5.1
[11/03/2016 05:03:00] New version added: 6.5.1
[11/03/2016 05:03:00] New version added: 6.5.1
[11/03/2016 05:03:00] New version added: 6.5.1
[11/03/2016 05:03:00] New version added: 6.5.1
[11/03/2016 05:03:00] New version added: 6.5.1
[11/03/2016 05:03:00] New version added: 6.5.1
[11/03/2016 05:03:00] New version added: 6.5.1
[11/03/2016 05:03:00] New version added: 6.5.1
[11/03/2016 05:03:00] New version added: 6.5.1
[11/03/2016 05:03:00] New version added: 6.5.1
[11/03/2016 05:03:00] New version added: 6.5.1
[11/03/2016 05:03:00] New version added: 6.5.1
[11/03/2016 05:03:00] New version added: 6.5.1
[11/03/2016 05:03:00] New version added: 6.5.1
[11/03/2016 05:03:00] New version added: 6.5.1
[11/03/2016 05:03:00] New version added: 6.5.1
[11/03/2016 05:03:00] New version added: 6.5.1
[11/03/2016 05:03:00] New version added: 6.5.1
[11/03/2016 05:03:00] New version added: 6.5.1
[11/03/2016 05:03:00] New version added: 6.5.1
[11/03/2016 05:03:00] New version added: 6.5.1
[11/03/2016 05:03:00] New version added: 6.5.1
[11/03/2016 05:03:00] New version added: 6.5.1
[11/03/2016 05:03:00] New version added: 6.5.1
[11/03/2016 05:03:00] New version added: 6.5.1
[11/03/2016 05:03:00] New version added: 6.5.1
[11/03/2016 05:03:00] New version added: 6.5.1
[11/03/2016 05:03:00] New version added: 6.5.1
[11/03/2016 05:03:00] New version added: 6.5.1
[11/03/2016 05:03:00] New version added: 6.5.1
[11/03/2016 05:03:00] New version added: 6.5.1
[11/03/2016 05:03:00] New version added: 6.5.1
[11/03/2016 05:03:00] New version added: 6.5.1
[11/03/2016 05:03:00] New version added: 6.5.1
[11/03/2016 05:03:00] New version added: 6.5.1
[11/03/2016 05:03:00] New version added: 6.5.1
[11/03/2016 05:03:00] New version added: 6.5.1
[11/03/2016 05:03:00] New version added: 6.5.1
[11/03/2016 05:03:00] New version added: 6.5.1
[11/03/2016 05:03:00] New version added: 6.5.1
[11/03/2016 05:03:00] New version added: 6.5.1
[11/03/2016 05:03:00] New version added: 6.5.1
[11/03/2016 05:03:00] New version added: 6.5.1
[11/03/2016 05:03:00] New version added: 6.5.1
[11/03/2016 05:03:00] New version added: 6.5.1
[11/03/2016 05:03:00] New version added: 6.5.1
[11/03/2016 05:03:00] New version added: 6.5.1
[11/03/2016 05:03:00] New version added: 6.5.1
[11/03/2016 05:03:00] New version added: 6.5.1
[11/03/2016 05:03:00] New version added: 6.5.1
[11/03/2016 05:03:00] New version added: 6.5.1
[11/03/2016 05:03:00] New version added: 6.5.1
[11/03/2016 05:03:00] New version added: 6.5.1
[11/03/2016 05:03:00] New version added: 6.5.1
[11/03/2016 05:03:00] New version added: 6.5.1
[11/03/2016 05:03:00] New version added: 6.5.1
[11/03/2016 05:03:00] New version added: 6.5.1
[11/03/2016 05:03:00] New version added: 6.5.1
[11/03/2016 05:03:00] New version added: 6.5.1
[11/03/2016 05:03:00] New version added: 6.5.1
[11/03/2016 05:03:00] New version added: 6.5.1
[11/03/2016 05:03:00] New version added: 6.5.1
[11/03/2016 05:03:00] New version added: 6.5.1
[11/03/2016 05:03:00] New version added: 6.5.1
[11/03/2016 05:03:00] New version added: 6.5.1
[11/03/2016 05:03:00] New version added: 6.5.1
[11/03/2016 05:03:00] New version added: 6.5.1
[11/03/2016 05:03:00] New version added: 6.5.1
[11/03/2016 05:03:00] New version added: 6.5.1
[11/03/2016 05:03:00] New version added: 6.5.1
[11/03/2016 05:03:00] New version added: 6.5.1
[11/03/2016 05:03:00] New version added: 6.5.1
[11/03/2016 05:03:00] New version added: 6.5.1
[11/03/2016 05:03:00] New version added: 6.5.1
[11/03/2016 05:03:00] New version added: 6.5.1
[11/03/2016 05:03:00] New version added: 6.5.1
[11/03/2016 05:03:00] New version added: 6.5.1
[11/03/2016 05:03:00] New version added: 6.5.1
[11/03/2016 05:03:00] New version added: 6.5.1
[11/03/2016 05:03:00] New version added: 6.5.1
[11/03/2016 05:03:00] New version added: 6.5.1
[11/03/2016 05:03:00] New version added: 6.5.1
[11/03/2016 05:03:00] New version added: 6.5.1
[11/03/2016 05:03:00] New version added: 6.5.1
[11/03/2016 05:03:00] New version added: 6.5.1
[11/03/2016 05:03:00] New version added: 6.5.1
[11/03/2016 05:03:00] New version added: 6.5.1
[11/03/2016 05:03:00] New version added: 6.5.1
[11/03/2016 05:03:00] New version added: 6.5.1
[11/03/2016 05:03:00] New version added: 6.5.1
[11/03/2016 05:03:00] New version added: 6.5.1
[11/03/2016 05:03:00] New version added: 6.5.1
[11/03/2016 05:03:00] New version added: 6.5.1
[11/03/2016 05:03:00] New version added: 6.5.1
[11/03/2016 05:03:00] New version added: 6.5.1
[11/03/2016 05:03:00] New version added: 6.5.1
[11/03/2016 05:03:00] New version added: 6.5.1
[11/03/2016 05:03:00] New version added: 6.5.1
[11/03/2016 05:03:00] New version added: 6.5.1
[11/03/2016 05:03:00] New version added: 6.5.1
[11/03/2016 05:03:00] New version added: 6.5.1
[11/03/2016 05:03:00] New version added: 6.5.1
[11/03/2016 05:03:00] New version added: 6.5.1
[11/03/2016 05:03:00] New version added: 6.5.1
[11/03/2016 05:03:00] New version added: 6.5.1
[11/03/2016 05:03:00] New version added: 6.5.1
[11/03/2016 05:03:00] New version added: 6.5.1
[11/03/2016 05:03:00] New version added: 6.5.1
[11/03/2016 05:03:00] New version added: 6.5.1
[11/03/2016 05:03:00] New version added: 6.5.1
[11/03/2016 05:03:00] New version added: 6.5.1
[11/03/2016 05:03:00] New version added: 6.5.1
[11/03/2016 05:03:00] New version added: 6.5.1
[11/03/2016 05:03:00] New version added: 6.5.1
[11/03/2016 05:03:00] New version added: 6.5.1
[11/03/2016 05:03:00] New version added: 6.5.1
[11/03/2016 05:03:00] New version added: 6.5.1
[11/03/2016 05:03:00] New version added: 6.5.1
[11/03/2016 05:03:00] New version added: 6.5.1
[11/03/2016 05:03:00] New version added: 6.5.1
[11/03/2016 05:03:00] New version added: 6.5.1
[11/03/2016 05:03:00] New version added: 6.5.1
[11/03/2016 05:03:00] New version added: 6.5.1
[11/03/2016 05:03:00] New version added: 6.5.1
[11/03/2016 05:03:00] New version added: 6.5.1
[11/03/2016 05:03:00] New version added: 6.5.1
[12/03/2016 05:03:00] New version added: 6.5.1
[12/03/2016 05:03:00] New version added: 6.5.1
[12/03/2016 05:03:00] New version added: 6.5.1
[12/03/2016 05:03:00] New version added: 6.5.1
[12/03/2016 05:03:00] New version added: 6.5.1
[12/03/2016 05:03:00] New version added: 6.5.1
[12/03/2016 05:03:00] New version added: 6.5.1
[12/03/2016 05:03:00] New version added: 6.5.1
[12/03/2016 05:03:00] New version added: 6.5.1
[12/03/2016 05:03:00] New version added: 6.5.1
[12/03/2016 05:03:00] New version added: 6.5.1
[12/03/2016 05:03:00] New version added: 6.5.1
[12/03/2016 05:03:00] New version added: 6.5.1
[12/03/2016 05:03:00] New version added: 6.5.1
[12/03/2016 05:03:00] New version added: 6.5.1
[12/03/2016 05:03:00] New version added: 6.5.1
[12/03/2016 05:03:00] New version added: 6.5.1
[12/03/2016 05:03:00] New version added: 6.5.1
[12/03/2016 05:03:00] New version added: 6.5.1
[12/03/2016 05:03:00] New version added: 6.5.1
[12/03/2016 05:03:00] New version added: 6.5.1
[12/03/2016 05:03:00] New version added: 6.5.1
[12/03/2016 05:03:00] New version added: 6.5.1
[12/03/2016 05:03:00] New version added: 6.5.1
[12/03/2016 05:03:00] New version added: 6.5.1
[12/03/2016 05:03:00] New version added: 6.5.1
[12/03/2016 05:03:00] New version added: 6.5.1
[12/03/2016 05:03:00] New version added: 6.5.1
[12/03/2016 05:03:00] New version added: 6.5.1
[12/03/2016 05:03:00] New version added: 6.5.1
[12/03/2016 05:03:00] New version added: 6.5.1
[12/03/2016 05:03:00] New version added: 6.5.1
[12/03/2016 05:03:00] New version added: 6.5.1
[12/03/2016 05:03:00] New version added: 6.5.1
[12/03/2016 05:03:00] New version added: 6.5.1
[12/03/2016 05:03:00] New version added: 6.5.1
[12/03/2016 05:03:00] New version added: 6.5.1
[12/03/2016 05:03:00] New version added: 6.5.1
[12/03/2016 05:03:00] New version added: 6.5.1
[12/03/2016 05:03:00] New version added: 6.5.1
[12/03/2016 05:03:00] New version added: 6.5.1
[12/03/2016 05:03:00] New version added: 6.5.1
[12/03/2016 05:03:00] New version added: 6.5.1
[12/03/2016 05:03:00] New version added: 6.5.1
[12/03/2016 05:03:00] New version added: 6.5.1
[12/03/2016 05:03:00] New version added: 6.5.1
[12/03/2016 05:03:00] New version added: 6.5.1
[12/03/2016 05:03:00] New version added: 6.5.1
[12/03/2016 05:03:00] New version added: 6.5.1
[12/03/2016 05:03:00] New version added: 6.5.1
[12/03/2016 05:03:00] New version added: 6.5.1
[12/03/2016 05:03:00] New version added: 6.5.1
[12/03/2016 05:03:00] New version added: 6.5.1
[12/03/2016 05:03:00] New version added: 6.5.1
[12/03/2016 05:03:00] New version added: 6.5.1
[12/03/2016 05:03:00] New version added: 6.5.1
[12/03/2016 05:03:00] New version added: 6.5.1
[12/03/2016 05:03:00] New version added: 6.5.1
[12/03/2016 05:03:00] New version added: 6.5.1
[12/03/2016 05:03:00] New version added: 6.5.1
[12/03/2016 05:03:00] New version added: 6.5.1
[12/03/2016 05:03:00] New version added: 6.5.1
[12/03/2016 05:03:00] New version added: 6.5.1
[12/03/2016 05:03:00] New version added: 6.5.1
[12/03/2016 05:03:00] New version added: 6.5.1
[12/03/2016 05:03:00] New version added: 6.5.1
[12/03/2016 05:03:00] New version added: 6.5.1
[12/03/2016 05:03:00] New version added: 6.5.1
[12/03/2016 05:03:00] New version added: 6.5.1
[12/03/2016 05:03:00] New version added: 6.5.1
[12/03/2016 05:03:00] New version added: 6.5.1
[12/03/2016 05:03:00] New version added: 6.5.1
[12/03/2016 05:03:00] New version added: 6.5.1
[12/03/2016 05:03:00] New version added: 6.5.1
[12/03/2016 05:03:00] New version added: 6.5.1
[12/03/2016 05:03:00] New version added: 6.5.1
[12/03/2016 05:03:00] New version added: 6.5.1
[12/03/2016 05:03:00] New version added: 6.5.1
[12/03/2016 05:03:00] New version added: 6.5.1
[12/03/2016 05:03:00] New version added: 6.5.1
[12/03/2016 05:03:00] New version added: 6.5.1
[12/03/2016 05:03:00] New version added: 6.5.1
[12/03/2016 05:03:00] New version added: 6.5.1
[12/03/2016 05:03:00] New version added: 6.5.1
[12/03/2016 05:03:00] New version added: 6.5.1
[12/03/2016 05:03:00] New version added: 6.5.1
[12/03/2016 05:03:00] New version added: 6.5.1
[12/03/2016 05:03:00] New version added: 6.5.1
[12/03/2016 05:03:00] New version added: 6.5.1
[12/03/2016 05:03:00] New version added: 6.5.1
[12/03/2016 05:03:00] New version added: 6.5.1
[12/03/2016 05:03:00] New version added: 6.5.1
[12/03/2016 05:03:00] New version added: 6.5.1
[12/03/2016 05:03:00] New version added: 6.5.1
[12/03/2016 05:03:00] New version added: 6.5.1
[12/03/2016 05:03:00] New version added: 6.5.1
[12/03/2016 05:03:00] New version added: 6.5.1
[12/03/2016 05:03:00] New version added: 6.5.1
[12/03/2016 05:03:00] New version added: 6.5.1
[12/03/2016 05:03:00] New version added: 6.5.1
[12/03/2016 05:03:00] New version added: 6.5.1
[12/03/2016 05:03:00] New version added: 6.5.1
[12/03/2016 05:03:00] New version added: 6.5.1
[12/03/2016 05:03:00] New version added: 6.5.1
[12/03/2016 05:03:00] New version added: 6.5.1
[12/03/2016 05:03:00] New version added: 6.5.1
[12/03/2016 05:03:00] New version added: 6.5.1
[12/03/2016 05:03:00] New version added: 6.5.1
[12/03/2016 05:03:00] New version added: 6.5.1
[12/03/2016 05:03:00] New version added: 6.5.1
[12/03/2016 05:03:00] New version added: 6.5.1
[12/03/2016 05:03:00] New version added: 6.5.1
[12/03/2016 05:03:00] New version added: 6.5.1
[12/03/2016 05:03:00] New version added: 6.5.1
[12/03/2016 05:03:00] New version added: 6.5.1
[12/03/2016 05:03:00] New version added: 6.5.1
[12/03/2016 05:03:00] New version added: 6.5.1
[12/03/2016 05:03:00] New version added: 6.5.1
[12/03/2016 05:03:00] New version added: 6.5.1
[12/03/2016 05:03:00] New version added: 6.5.1
[12/03/2016 05:03:00] New version added: 6.5.1
[12/03/2016 05:03:00] New version added: 6.5.1
[12/03/2016 05:03:00] New version added: 6.5.1
[12/03/2016 05:03:00] New version added: 6.5.1
[12/03/2016 05:03:00] New version added: 6.5.1
[12/03/2016 05:03:00] New version added: 6.5.1
[12/03/2016 05:03:00] New version added: 6.5.1
[12/03/2016 05:03:00] New version added: 6.5.1
[12/03/2016 05:03:00] New version added: 6.5.1
[12/03/2016 05:03:00] New version added: 6.5.1
[12/03/2016 05:03:00] New version added: 6.5.1
[12/03/2016 05:03:00] New version added: 6.5.1
[12/03/2016 05:03:00] New version added: 6.5.1
[12/03/2016 05:03:00] New version added: 6.5.1
[12/03/2016 05:03:00] New version added: 6.5.1
[12/03/2016 05:03:00] New version added: 6.5.1
[12/03/2016 05:03:00] New version added: 6.5.1
[12/03/2016 05:03:00] New version added: 6.5.1
[12/03/2016 05:03:00] New version added: 6.5.1
[12/03/2016 05:03:00] New version added: 6.5.1
[12/03/2016 05:03:00] New version added: 6.5.1
[12/03/2016 05:03:00] New version added: 6.5.1
[12/03/2016 05:03:00] New version added: 6.5.1
[12/03/2016 05:03:00] New version added: 6.5.1
[12/03/2016 05:03:00] New version added: 6.5.1
[12/03/2016 05:03:00] New version added: 6.5.1
[12/03/2016 05:03:00] New version added: 6.5.1
[12/03/2016 05:03:00] New version added: 6.5.1
[12/03/2016 05:03:00] New version added: 6.5.1
[12/03/2016 05:03:00] New version added: 6.5.1
[12/03/2016 05:03:00] New version added: 6.5.1
[12/03/2016 05:03:00] New version added: 6.5.1
[12/03/2016 05:03:00] New version added: 6.5.1
[12/03/2016 05:03:00] New version added: 6.5.1
[12/03/2016 05:03:00] New version added: 6.5.1
[12/03/2016 05:03:00] New version added: 6.5.1
[12/03/2016 05:03:00] New version added: 6.5.1
[12/03/2016 05:03:00] New version added: 6.5.1
[12/03/2016 05:03:00] New version added: 6.5.1
[12/03/2016 05:03:00] New version added: 6.5.1
[12/03/2016 05:03:00] New version added: 6.5.1
[12/03/2016 05:03:00] New version added: 6.5.1
[12/03/2016 05:03:00] New version added: 6.5.1
[12/03/2016 05:03:00] New version added: 6.5.1
[12/03/2016 05:03:00] New version added: 6.5.1
[12/03/2016 05:03:00] New version added: 6.5.1
[12/03/2016 05:03:00] New version added: 6.5.1
[12/03/2016 05:03:00] New version added: 6.5.1
[12/03/2016 05:03:00] New version added: 6.5.1
[12/03/2016 05:03:00] New version added: 6.5.1
[12/03/2016 05:03:00] New version added: 6.5.1
[12/03/2016 05:03:00] New version added: 6.5.1
[12/03/2016 05:03:00] New version added: 6.5.1
[12/03/2016 05:03:00] New version added: 6.5.1
[12/03/2016 05:03:00] New version added: 6.5.1
[12/03/2016 05:03:00] New version added: 6.5.1
[12/03/2016 05:03:00] New version added: 6.5.1
[12/03/2016 05:03:00] New version added: 6.5.1
[12/03/2016 05:03:00] New version added: 6.5.1
[12/03/2016 05:03:00] New version added: 6.5.1
[12/03/2016 05:03:00] New version added: 6.5.1
[12/03/2016 05:03:00] New version added: 6.5.1
[12/03/2016 05:03:00] New version added: 6.5.1
[12/03/2016 05:03:00] New version added: 6.5.1
[12/03/2016 05:03:00] New version added: 6.5.1
[12/03/2016 05:03:00] New version added: 6.5.1
[12/03/2016 05:03:00] New version added: 6.5.1
[12/03/2016 05:03:00] New version added: 6.5.1
[12/03/2016 05:03:00] New version added: 6.5.1
[12/03/2016 05:03:00] New version added: 6.5.1
[12/03/2016 05:03:00] New version added: 6.5.1
[12/03/2016 05:03:00] New version added: 6.5.1
[12/03/2016 05:03:00] New version added: 6.5.1
[12/03/2016 05:03:00] New version added: 6.5.1
[12/03/2016 05:03:00] New version added: 6.5.1
[12/03/2016 05:03:00] New version added: 6.5.1
[12/03/2016 05:03:00] New version added: 6.5.1
[12/03/2016 05:03:00] New version added: 6.5.1
[12/03/2016 05:03:00] New version added: 6.5.1
[12/03/2016 05:03:00] New version added: 6.5.1
[12/03/2016 05:03:00] New version added: 6.5.1
[12/03/2016 05:03:00] New version added: 6.5.1
[12/03/2016 05:03:00] New version added: 6.5.1
[12/03/2016 05:03:00] New version added: 6.5.1
[12/03/2016 05:03:00] New version added: 6.5.1
[12/03/2016 05:03:00] New version added: 6.5.1
[12/03/2016 05:03:00] New version added: 6.5.1
[12/03/2016 05:03:00] New version added: 6.5.1
[12/03/2016 05:03:00] New version added: 6.5.1
[12/03/2016 05:03:00] New version added: 6.5.1
[12/03/2016 05:03:00] New version added: 6.5.1
[12/03/2016 05:03:00] New version added: 6.5.1
[12/03/2016 05:03:00] New version added: 6.5.1
[12/03/2016 05:03:00] New version added: 6.5.1
[12/03/2016 05:03:00] New version added: 6.5.1
[12/03/2016 05:03:00] New version added: 6.5.1
[12/03/2016 05:03:00] New version added: 6.5.1
[12/03/2016 05:03:00] New version added: 6.5.1
[12/03/2016 05:03:00] New version added: 6.5.1
[12/03/2016 05:03:00] New version added: 6.5.1
[12/03/2016 05:03:00] New version added: 6.5.1
[12/03/2016 05:03:00] New version added: 6.5.1
[12/03/2016 05:03:00] New version added: 6.5.1
[12/03/2016 05:03:00] New version added: 6.5.1
[12/03/2016 05:03:00] New version added: 6.5.1
[12/03/2016 05:03:00] New version added: 6.5.1
[12/03/2016 05:03:00] New version added: 6.5.1
[12/03/2016 05:03:00] New version added: 6.5.1
[12/03/2016 05:03:00] New version added: 6.5.1
[12/03/2016 05:03:00] New version added: 6.5.1
[12/03/2016 05:03:00] New version added: 6.5.1
[12/03/2016 05:03:00] New version added: 6.5.1
[12/03/2016 05:03:00] New version added: 6.5.1
[12/03/2016 05:03:00] New version added: 6.5.1
[12/03/2016 05:03:00] New version added: 6.5.1
[12/03/2016 05:03:00] New version added: 6.5.1
[12/03/2016 05:03:00] New version added: 6.5.1
[12/03/2016 05:03:00] New version added: 6.5.1
[12/03/2016 05:03:00] New version added: 6.5.1
[12/03/2016 05:03:00] New version added: 6.5.1
[12/03/2016 05:03:00] New version added: 6.5.1
[12/03/2016 05:03:00] New version added: 6.5.1
[12/03/2016 05:03:00] New version added: 6.5.1
[12/03/2016 05:03:00] New version added: 6.5.1
[12/03/2016 05:03:00] New version added: 6.5.1
[12/03/2016 05:03:00] New version added: 6.5.1
[12/03/2016 05:03:00] New version added: 6.5.1
[12/03/2016 05:03:00] New version added: 6.5.1
[12/03/2016 05:03:00] New version added: 6.5.1
[12/03/2016 05:03:00] New version added: 6.5.1
[12/03/2016 05:03:00] New version added: 6.5.1
[12/03/2016 05:03:00] New version added: 6.5.1
[12/03/2016 05:03:00] New version added: 6.5.1
[12/03/2016 05:03:00] New version added: 6.5.1
[12/03/2016 05:03:00] New version added: 6.5.1
[12/03/2016 05:03:00] New version added: 6.5.1
[12/03/2016 05:03:00] New version added: 6.5.1
[12/03/2016 05:03:00] New version added: 6.5.1
[12/03/2016 05:03:00] New version added: 6.5.1
[12/03/2016 05:03:00] New version added: 6.5.1
[12/03/2016 05:03:00] New version added: 6.5.1
[12/03/2016 05:03:00] New version added: 6.5.1
[12/03/2016 05:03:00] New version added: 6.5.1
[12/03/2016 05:03:00] New version added: 6.5.1
[12/03/2016 05:03:00] New version added: 6.5.1
[12/03/2016 05:03:00] New version added: 6.5.1
[12/03/2016 05:03:00] New version added: 6.5.1
[12/03/2016 05:03:00] New version added: 6.5.1
[12/03/2016 05:03:00] New version added: 6.5.1
[12/03/2016 05:03:00] New version added: 6.5.1
[12/03/2016 05:03:00] New version added: 6.5.1
[12/03/2016 05:03:00] New version added: 6.5.1
[12/03/2016 05:03:00] New version added: 6.5.1
[12/03/2016 05:03:00] New version added: 6.5.1
[12/03/2016 05:03:00] New version added: 6.5.1
[12/03/2016 05:03:00] New version added: 6.5.1
[12/03/2016 05:03:00] New version added: 6.5.1
[12/03/2016 05:03:00] New version added: 6.5.1
[12/03/2016 05:03:00] New version added: 6.5.1
[12/03/2016 05:03:00] New version added: 6.5.1
[12/03/2016 05:03:00] New version added: 6.5.1
[12/03/2016 05:03:00] New version added: 6.5.1
[12/03/2016 05:03:00] New version added: 6.5.1
[12/03/2016 05:03:00] New version added: 6.5.1
[12/03/2016 05:03:00] New version added: 6.5.1
[12/03/2016 05:03:00] New version added: 6.5.1
[12/03/2016 05:03:00] New version added: 6.5.1
[12/03/2016 05:03:00] New version added: 6.5.1
[12/03/2016 05:03:00] New version added: 6.5.1
[12/03/2016 05:03:00] New version added: 6.5.1
[12/03/2016 05:03:00] New version added: 6.5.1
[12/03/2016 05:03:00] New version added: 6.5.1
[12/03/2016 05:03:00] New version added: 6.5.1
[12/03/2016 05:03:00] New version added: 6.5.1
[12/03/2016 05:03:00] New version added: 6.5.1
[12/03/2016 05:03:00] New version added: 6.5.1
[12/03/2016 05:03:00] New version added: 6.5.1
[12/03/2016 05:03:00] New version added: 6.5.1
[12/03/2016 05:03:00] New version added: 6.5.1
[12/03/2016 05:03:00] New version added: 6.5.1
[12/03/2016 05:03:00] New version added: 6.5.1
[12/03/2016 05:03:00] New version added: 6.5.1
[12/03/2016 05:03:00] New version added: 6.5.1
[12/03/2016 05:03:00] New version added: 6.5.1
[12/03/2016 05:03:00] New version added: 6.5.1
[12/03/2016 05:03:00] New version added: 6.5.1
[12/03/2016 05:03:00] New version added: 6.5.1
[12/03/2016 05:03:00] New version added: 6.5.1
[12/03/2016 05:03:00] New version added: 6.5.1
[12/03/2016 05:03:00] New version added: 6.5.1
[12/03/2016 05:03:00] New version added: 6.5.1
[12/03/2016 05:03:00] New version added: 6.5.1
[12/03/2016 05:03:00] New version added: 6.5.1
[12/03/2016 05:03:00] New version added: 6.5.1
[12/03/2016 05:03:00] New version added: 6.5.1
[12/03/2016 05:03:00] New version added: 6.5.1
[12/03/2016 05:03:00] New version added: 6.5.1
[12/03/2016 05:03:00] New version added: 6.5.1
[12/03/2016 05:03:00] New version added: 6.5.1
[12/03/2016 05:03:00] New version added: 6.5.1
[12/03/2016 05:03:00] New version added: 6.5.1
[12/03/2016 05:03:00] New version added: 6.5.1
[12/03/2016 05:03:00] New version added: 6.5.1
[12/03/2016 05:03:00] New version added: 6.5.1
[12/03/2016 05:03:00] New version added: 6.5.1
[12/03/2016 05:03:00] New version added: 6.5.1
[12/03/2016 05:03:00] New version added: 6.5.1
[12/03/2016 05:03:00] New version added: 6.5.1
[12/03/2016 05:03:00] New version added: 6.5.1
[12/03/2016 05:03:00] New version added: 6.5.1
[12/03/2016 05:03:00] New version added: 6.5.1
[12/03/2016 05:03:00] New version added: 6.5.1
[12/03/2016 05:03:00] New version added: 6.5.1
[12/03/2016 05:03:00] New version added: 6.5.1
[12/03/2016 05:03:00] New version added: 6.5.1
[12/03/2016 05:03:00] New version added: 6.5.1
[12/03/2016 05:03:00] New version added: 6.5.1
[12/03/2016 05:03:00] New version added: 6.5.1
[12/03/2016 05:03:00] New version added: 6.5.1
[12/03/2016 05:03:00] New version added: 6.5.1
[12/03/2016 05:03:00] New version added: 6.5.1
[12/03/2016 05:03:00] New version added: 6.5.1
[12/03/2016 05:03:00] New version added: 6.5.1
[12/03/2016 05:03:00] New version added: 6.5.1
[12/03/2016 05:03:00] New version added: 6.5.1
[12/03/2016 05:03:00] New version added: 6.5.1
[12/03/2016 05:03:00] New version added: 6.5.1
[12/03/2016 05:03:00] New version added: 6.5.1
[12/03/2016 05:03:00] New version added: 6.5.1
[12/03/2016 05:03:00] New version added: 6.5.1
[12/03/2016 05:03:00] New version added: 6.5.1
[12/03/2016 05:03:00] New version added: 6.5.1
[12/03/2016 05:03:00] New version added: 6.5.1
[12/03/2016 05:03:00] New version added: 6.5.1
[12/03/2016 05:03:00] New version added: 6.5.1
[12/03/2016 05:03:00] New version added: 6.5.1
[12/03/2016 05:03:00] New version added: 6.5.1
[12/03/2016 05:03:00] New version added: 6.5.1
[12/03/2016 05:03:00] New version added: 6.5.1
[12/03/2016 05:03:00] New version added: 6.5.1
[12/03/2016 05:03:00] New version added: 6.5.1
[12/03/2016 05:03:00] New version added: 6.5.1
[12/03/2016 05:03:00] New version added: 6.5.1
[12/03/2016 05:03:00] New version added: 6.5.1
[12/03/2016 05:03:00] New version added: 6.5.1
[12/03/2016 05:03:00] New version added: 6.5.1
[12/03/2016 05:03:00] New version added: 6.5.1
[12/03/2016 05:03:00] New version added: 6.5.1
[12/03/2016 05:03:00] New version added: 6.5.1
[12/03/2016 05:03:00] New version added: 6.5.1
[12/03/2016 05:03:00] New version added: 6.5.1
[12/03/2016 05:03:00] New version added: 6.5.1
[12/03/2016 05:03:00] New version added: 6.5.1
[12/03/2016 05:03:00] New version added: 6.5.1
[12/03/2016 05:03:00] New version added: 6.5.1
[12/03/2016 05:03:00] New version added: 6.5.1
