[08/03/2016 05:03:00] Champion data updated [es]
[08/03/2016 05:03:00] Champion build updated: 412
[08/03/2016 05:03:00] Champion build updated: 266
[08/03/2016 05:03:00] Champion build updated: 23
[08/03/2016 05:03:00] Champion build updated: 79
[08/03/2016 05:03:00] Champion build updated: 69
[08/03/2016 05:03:00] Champion build updated: 13
[08/03/2016 05:03:00] Champion build updated: 78
[08/03/2016 05:03:00] Champion build updated: 14
[08/03/2016 05:03:00] Champion build updated: 202
[08/03/2016 05:03:00] Champion build updated: 1
[08/03/2016 05:03:00] Champion build updated: 111
[08/03/2016 05:03:00] Champion build updated: 43
[08/03/2016 05:03:00] Champion build updated: 99
[08/03/2016 05:03:00] Champion build updated: 103
[08/03/2016 05:03:00] Champion build updated: 2
[08/03/2016 05:03:00] Champion build updated: 112
[08/03/2016 05:03:00] Champion build updated: 27
[08/03/2016 05:03:00] Champion build updated: 86
[08/03/2016 05:03:00] Champion build updated: 34
[08/03/2016 05:03:00] Champion build updated: 57
[08/03/2016 05:03:00] Champion build updated: 127
[08/03/2016 05:03:00] Champion build updated: 25
[08/03/2016 05:03:00] Champion build updated: 105
[08/03/2016 05:03:00] Champion build updated: 28
[08/03/2016 05:03:00] Champion build updated: 238
[08/03/2016 05:03:00] Champion build updated: 74
[08/03/2016 05:03:00] Champion build updated: 68
[08/03/2016 05:03:00] Champion build updated: 37
[08/03/2016 05:03:00] Champion build updated: 82
[08/03/2016 05:03:00] Champion build updated: 96
[08/03/2016 05:03:00] Champion build updated: 55
[08/03/2016 05:03:00] Champion build updated: 117
[08/03/2016 05:03:00] Champion build updated: 22
[08/03/2016 05:03:00] Champion build updated: 30
[08/03/2016 05:03:00] Champion build updated: 12
[08/03/2016 05:03:00] Champion build updated: 122
[08/03/2016 05:03:00] Champion build updated: 67
[08/03/2016 05:03:00] Champion build updated: 110
[08/03/2016 05:03:00] Champion build updated: 77
[08/03/2016 05:03:00] Champion build updated: 89
[08/03/2016 05:03:00] Champion build updated: 126
[08/03/2016 05:03:00] Champion build updated: 134
[08/03/2016 05:03:00] Champion build updated: 80
[08/03/2016 05:03:00] Champion build updated: 92
[08/03/2016 05:03:00] Champion build updated: 121
[08/03/2016 05:03:00] Champion build updated: 42
[08/03/2016 05:03:00] Champion build updated: 51
[08/03/2016 05:03:00] Champion build updated: 268
[08/03/2016 05:03:00] Champion build updated: 76
[08/03/2016 05:03:00] Champion build updated: 85
[08/03/2016 05:03:00] Champion build updated: 3
[08/03/2016 05:03:00] Champion build updated: 45
[08/03/2016 05:03:00] Champion build updated: 432
[08/03/2016 05:03:00] Champion build updated: 150
[08/03/2016 05:03:00] Champion build updated: 90
[08/03/2016 05:03:00] Champion build updated: 104
[08/03/2016 05:03:00] Champion build updated: 254
[08/03/2016 05:03:00] Champion build updated: 10
[08/03/2016 05:03:00] Champion build updated: 39
[08/03/2016 05:03:00] Champion build updated: 64
[08/03/2016 05:03:00] Champion build updated: 420
[08/03/2016 05:03:00] Champion build updated: 60
[08/03/2016 05:03:00] Champion build updated: 106
[08/03/2016 05:03:00] Champion build updated: 20
[08/03/2016 05:03:00] Champion build updated: 4
[08/03/2016 05:03:00] Champion build updated: 24
[08/03/2016 05:03:00] Champion build updated: 102
[08/03/2016 05:03:00] Champion build updated: 429
[08/03/2016 05:03:00] Champion build updated: 36
[08/03/2016 05:03:00] Champion build updated: 223
[08/03/2016 05:03:00] Champion build updated: 131
[08/03/2016 05:03:00] Champion build updated: 63
[08/03/2016 05:03:00] Champion build updated: 113
[08/03/2016 05:03:00] Champion build updated: 8
[08/03/2016 05:03:00] Champion build updated: 154
[08/03/2016 05:03:00] Champion build updated: 421
[08/03/2016 05:03:00] Champion build updated: 133
[08/03/2016 05:03:00] Champion build updated: 84
[08/03/2016 05:03:00] Champion build updated: 18
[08/03/2016 05:03:00] Champion build updated: 120
[08/03/2016 05:03:00] Champion build updated: 15
[08/03/2016 05:03:00] Champion build updated: 236
[08/03/2016 05:03:00] Champion build updated: 107
[08/03/2016 05:03:00] Champion build updated: 19
[08/03/2016 05:03:00] Champion build updated: 72
[08/03/2016 05:03:00] Champion build updated: 54
[08/03/2016 05:03:00] Champion build updated: 157
[08/03/2016 05:03:00] Champion build updated: 101
[08/03/2016 05:03:00] Champion build updated: 17
[08/03/2016 05:03:00] Champion build updated: 58
[08/03/2016 05:03:00] Champion build updated: 75
[08/03/2016 05:03:00] Champion build updated: 119
[08/03/2016 05:03:00] Champion build updated: 35
[08/03/2016 05:03:00] Champion build updated: 50
[08/03/2016 05:03:00] Champion build updated: 115
[08/03/2016 05:03:00] Champion build updated: 91
[08/03/2016 05:03:00] Champion build updated: 40
[08/03/2016 05:03:00] Champion build updated: 245
[08/03/2016 05:03:00] Champion build updated: 61
[08/03/2016 05:03:00] Champion build updated: 114
[08/03/2016 05:03:00] Champion build updated: 9
[08/03/2016 05:03:00] Champion build updated: 33
[08/03/2016 05:03:00] Champion build updated: 31
[08/03/2016 05:03:00] Champion build updated: 7
[08/03/2016 05:03:00] Champion build updated: 26
[08/03/2016 05:03:00] Champion build updated: 16
[08/03/2016 05:03:00] Champion build updated: 56
[08/03/2016 05:03:00] Champion build updated: 222
[08/03/2016 05:03:00] Champion build updated: 83
[08/03/2016 05:03:00] Champion build updated: 6
[08/03/2016 05:03:00] Champion build updated: 203
[08/03/2016 05:03:00] Champion build updated: 21
[08/03/2016 05:03:00] Champion build updated: 62
[08/03/2016 05:03:00] Champion build updated: 53
[08/03/2016 05:03:00] Champion build updated: 98
[08/03/2016 05:03:00] Champion build updated: 201
[08/03/2016 05:03:00] Champion build updated: 5
[08/03/2016 05:03:00] Champion build updated: 29
[08/03/2016 05:03:00] Champion build updated: 11
[08/03/2016 05:03:00] Champion build updated: 44
[08/03/2016 05:03:00] Champion build updated: 32
[08/03/2016 05:03:00] Champion build updated: 41
[08/03/2016 05:03:00] Champion build updated: 48
[08/03/2016 05:03:00] Champion build updated: 38
[08/03/2016 05:03:00] Champion build updated: 161
[08/03/2016 05:03:00] Champion build updated: 143
[08/03/2016 05:03:00] Champion build updated: 267
[08/03/2016 05:03:00] Champion build updated: 59
[08/03/2016 05:03:00] Champion build updated: 81
[08/03/2016 05:03:00] Champion data updated [en]
[08/03/2016 05:03:00] Champion data updated [de]
[08/03/2016 05:03:00] Champion data updated [fr]
[08/03/2016 05:03:00] Champion data updated [ja]
[09/03/2016 09:03:21] Champion data updated [es]
[09/03/2016 09:03:21] Champion build updated: 412
[09/03/2016 09:03:21] Champion build updated: 266
[09/03/2016 09:03:21] Champion build updated: 23
[09/03/2016 09:03:21] Champion build updated: 79
[09/03/2016 09:03:21] Champion build updated: 69
[09/03/2016 09:03:21] Champion build updated: 13
[09/03/2016 09:03:21] Champion build updated: 78
[09/03/2016 09:03:21] Champion build updated: 14
[09/03/2016 09:03:21] Champion build updated: 202
[09/03/2016 09:03:21] Champion build updated: 1
[09/03/2016 09:03:21] Champion build updated: 111
[09/03/2016 09:03:21] Champion build updated: 43
[09/03/2016 09:03:21] Champion build updated: 99
[09/03/2016 09:03:21] Champion build updated: 103
[09/03/2016 09:03:21] Champion build updated: 2
[09/03/2016 09:03:21] Champion build updated: 112
[09/03/2016 09:03:21] Champion build updated: 27
[09/03/2016 09:03:21] Champion build updated: 86
[09/03/2016 09:03:21] Champion build updated: 34
[09/03/2016 09:03:21] Champion build updated: 57
[09/03/2016 09:03:21] Champion build updated: 127
[09/03/2016 09:03:21] Champion build updated: 25
[09/03/2016 09:03:21] Champion build updated: 105
[09/03/2016 09:03:21] Champion build updated: 28
[09/03/2016 09:03:21] Champion build updated: 238
[09/03/2016 09:03:21] Champion build updated: 74
[09/03/2016 09:03:21] Champion build updated: 68
[09/03/2016 09:03:21] Champion build updated: 37
[09/03/2016 09:03:21] Champion build updated: 82
[09/03/2016 09:03:21] Champion build updated: 96
[09/03/2016 09:03:21] Champion build updated: 55
[09/03/2016 09:03:21] Champion build updated: 117
[09/03/2016 09:03:21] Champion build updated: 22
[09/03/2016 09:03:21] Champion build updated: 30
[09/03/2016 09:03:21] Champion build updated: 12
[09/03/2016 09:03:21] Champion build updated: 122
[09/03/2016 09:03:21] Champion build updated: 67
[09/03/2016 09:03:21] Champion build updated: 110
[09/03/2016 09:03:21] Champion build updated: 77
[09/03/2016 09:03:21] Champion build updated: 89
[09/03/2016 09:03:21] Champion build updated: 126
[09/03/2016 09:03:21] Champion build updated: 134
[09/03/2016 09:03:21] Champion build updated: 80
[09/03/2016 09:03:21] Champion build updated: 92
[09/03/2016 09:03:21] Champion build updated: 121
[09/03/2016 09:03:21] Champion build updated: 42
[09/03/2016 09:03:21] Champion build updated: 51
[09/03/2016 09:03:21] Champion build updated: 268
[09/03/2016 09:03:21] Champion build updated: 76
[09/03/2016 09:03:21] Champion build updated: 85
[09/03/2016 09:03:21] Champion build updated: 3
[09/03/2016 09:03:21] Champion build updated: 45
[09/03/2016 09:03:21] Champion build updated: 432
[09/03/2016 09:03:21] Champion build updated: 150
[09/03/2016 09:03:21] Champion build updated: 90
[09/03/2016 09:03:21] Champion build updated: 104
[09/03/2016 09:03:21] Champion build updated: 254
[09/03/2016 09:03:21] Champion build updated: 10
[09/03/2016 09:03:21] Champion build updated: 39
[09/03/2016 09:03:21] Champion build updated: 64
[09/03/2016 09:03:21] Champion build updated: 420
[09/03/2016 09:03:21] Champion build updated: 60
[09/03/2016 09:03:21] Champion build updated: 106
[09/03/2016 09:03:21] Champion build updated: 20
[09/03/2016 09:03:21] Champion build updated: 4
[09/03/2016 09:03:21] Champion build updated: 24
[09/03/2016 09:03:21] Champion build updated: 102
[09/03/2016 09:03:21] Champion build updated: 429
[09/03/2016 09:03:21] Champion build updated: 36
[09/03/2016 09:03:21] Champion build updated: 223
[09/03/2016 09:03:21] Champion build updated: 131
[09/03/2016 09:03:21] Champion build updated: 63
[09/03/2016 09:03:21] Champion build updated: 113
[09/03/2016 09:03:21] Champion build updated: 8
[09/03/2016 09:03:21] Champion build updated: 154
[09/03/2016 09:03:21] Champion build updated: 421
[09/03/2016 09:03:21] Champion build updated: 133
[09/03/2016 09:03:21] Champion build updated: 84
[09/03/2016 09:03:21] Champion build updated: 18
[09/03/2016 09:03:21] Champion build updated: 120
[09/03/2016 09:03:21] Champion build updated: 15
[09/03/2016 09:03:21] Champion build updated: 236
[09/03/2016 09:03:21] Champion build updated: 107
[09/03/2016 09:03:21] Champion build updated: 19
[09/03/2016 09:03:21] Champion build updated: 72
[09/03/2016 09:03:21] Champion build updated: 54
[09/03/2016 09:03:21] Champion build updated: 157
[09/03/2016 09:03:21] Champion build updated: 101
[09/03/2016 09:03:21] Champion build updated: 17
[09/03/2016 09:03:21] Champion build updated: 58
[09/03/2016 09:03:21] Champion build updated: 75
[09/03/2016 09:03:21] Champion build updated: 119
[09/03/2016 09:03:21] Champion build updated: 35
[09/03/2016 09:03:21] Champion build updated: 50
[09/03/2016 09:03:21] Champion build updated: 115
[09/03/2016 09:03:21] Champion build updated: 91
[09/03/2016 09:03:21] Champion build updated: 40
[09/03/2016 09:03:21] Champion build updated: 245
[09/03/2016 09:03:21] Champion build updated: 61
[09/03/2016 09:03:21] Champion build updated: 114
[09/03/2016 09:03:21] Champion build updated: 9
[09/03/2016 09:03:21] Champion build updated: 33
[09/03/2016 09:03:21] Champion build updated: 31
[09/03/2016 09:03:21] Champion build updated: 7
[09/03/2016 09:03:21] Champion build updated: 26
[09/03/2016 09:03:21] Champion build updated: 16
[09/03/2016 09:03:21] Champion build updated: 56
[09/03/2016 09:03:21] Champion build updated: 222
[09/03/2016 09:03:21] Champion build updated: 83
[09/03/2016 09:03:21] Champion build updated: 6
[09/03/2016 09:03:21] Champion build updated: 203
[09/03/2016 09:03:21] Champion build updated: 21
[09/03/2016 09:03:21] Champion build updated: 62
[09/03/2016 09:03:21] Champion build updated: 53
[09/03/2016 09:03:21] Champion build updated: 98
[09/03/2016 09:03:21] Champion build updated: 201
[09/03/2016 09:03:21] Champion build updated: 5
[09/03/2016 09:03:21] Champion build updated: 29
[09/03/2016 09:03:21] Champion build updated: 11
[09/03/2016 09:03:21] Champion build updated: 44
[09/03/2016 09:03:21] Champion build updated: 32
[09/03/2016 09:03:21] Champion build updated: 41
[09/03/2016 09:03:21] Champion build updated: 48
[09/03/2016 09:03:21] Champion build updated: 38
[09/03/2016 09:03:21] Champion build updated: 161
[09/03/2016 09:03:21] Champion build updated: 143
[09/03/2016 09:03:21] Champion build updated: 267
[09/03/2016 09:03:21] Champion build updated: 59
[09/03/2016 09:03:21] Champion build updated: 81
[09/03/2016 09:03:21] Champion data updated [en]
[09/03/2016 09:03:21] Champion data updated [de]
[09/03/2016 09:03:21] Champion data updated [fr]
[09/03/2016 09:03:21] Champion data updated [ja]
[09/03/2016 09:03:22] Champion data updated [es]
[09/03/2016 09:03:22] Champion build updated: 412
[09/03/2016 09:03:22] Champion build updated: 266
[09/03/2016 09:03:22] Champion build updated: 23
[09/03/2016 09:03:22] Champion build updated: 79
[09/03/2016 09:03:22] Champion build updated: 69
[09/03/2016 09:03:22] Champion build updated: 13
[09/03/2016 09:03:22] Champion build updated: 78
[09/03/2016 09:03:22] Champion build updated: 14
[09/03/2016 09:03:22] Champion build updated: 202
[09/03/2016 09:03:22] Champion build updated: 1
[09/03/2016 09:03:22] Champion build updated: 111
[09/03/2016 09:03:22] Champion build updated: 43
[09/03/2016 09:03:22] Champion build updated: 99
[09/03/2016 09:03:22] Champion build updated: 103
[09/03/2016 09:03:22] Champion build updated: 2
[09/03/2016 09:03:22] Champion build updated: 112
[09/03/2016 09:03:22] Champion build updated: 27
[09/03/2016 09:03:22] Champion build updated: 86
[09/03/2016 09:03:22] Champion build updated: 34
[09/03/2016 09:03:22] Champion build updated: 57
[09/03/2016 09:03:22] Champion build updated: 127
[09/03/2016 09:03:22] Champion build updated: 25
[09/03/2016 09:03:22] Champion build updated: 105
[09/03/2016 09:03:22] Champion build updated: 28
[09/03/2016 09:03:22] Champion build updated: 238
[09/03/2016 09:03:22] Champion build updated: 74
[09/03/2016 09:03:22] Champion build updated: 68
[09/03/2016 09:03:22] Champion build updated: 37
[09/03/2016 09:03:22] Champion build updated: 82
[09/03/2016 09:03:22] Champion build updated: 96
[09/03/2016 09:03:22] Champion build updated: 55
[09/03/2016 09:03:22] Champion build updated: 117
[09/03/2016 09:03:22] Champion build updated: 22
[09/03/2016 09:03:22] Champion build updated: 30
[09/03/2016 09:03:22] Champion build updated: 12
[09/03/2016 09:03:22] Champion build updated: 122
[09/03/2016 09:03:22] Champion build updated: 67
[09/03/2016 09:03:22] Champion build updated: 110
[09/03/2016 09:03:22] Champion build updated: 77
[09/03/2016 09:03:22] Champion build updated: 89
[09/03/2016 09:03:22] Champion build updated: 126
[09/03/2016 09:03:22] Champion build updated: 134
[09/03/2016 09:03:22] Champion build updated: 80
[09/03/2016 09:03:22] Champion build updated: 92
[09/03/2016 09:03:22] Champion build updated: 121
[09/03/2016 09:03:22] Champion build updated: 42
[09/03/2016 09:03:22] Champion build updated: 51
[09/03/2016 09:03:22] Champion build updated: 268
[09/03/2016 09:03:22] Champion build updated: 76
[09/03/2016 09:03:22] Champion build updated: 85
[09/03/2016 09:03:22] Champion build updated: 3
[09/03/2016 09:03:22] Champion build updated: 45
[09/03/2016 09:03:22] Champion build updated: 432
[09/03/2016 09:03:22] Champion build updated: 150
[09/03/2016 09:03:22] Champion build updated: 90
[09/03/2016 09:03:22] Champion build updated: 104
[09/03/2016 09:03:22] Champion build updated: 254
[09/03/2016 09:03:22] Champion build updated: 10
[09/03/2016 09:03:22] Champion build updated: 39
[09/03/2016 09:03:22] Champion build updated: 64
[09/03/2016 09:03:22] Champion build updated: 420
[09/03/2016 09:03:22] Champion build updated: 60
[09/03/2016 09:03:22] Champion build updated: 106
[09/03/2016 09:03:22] Champion build updated: 20
[09/03/2016 09:03:22] Champion build updated: 4
[09/03/2016 09:03:22] Champion build updated: 24
[09/03/2016 09:03:22] Champion build updated: 102
[09/03/2016 09:03:22] Champion build updated: 429
[09/03/2016 09:03:22] Champion build updated: 36
[09/03/2016 09:03:22] Champion build updated: 223
[09/03/2016 09:03:22] Champion build updated: 131
[09/03/2016 09:03:22] Champion build updated: 63
[09/03/2016 09:03:22] Champion build updated: 113
[09/03/2016 09:03:22] Champion build updated: 8
[09/03/2016 09:03:22] Champion build updated: 154
[09/03/2016 09:03:22] Champion build updated: 421
[09/03/2016 09:03:22] Champion build updated: 133
[09/03/2016 09:03:22] Champion build updated: 84
[09/03/2016 09:03:22] Champion build updated: 18
[09/03/2016 09:03:22] Champion build updated: 120
[09/03/2016 09:03:22] Champion build updated: 15
[09/03/2016 09:03:22] Champion build updated: 236
[09/03/2016 09:03:22] Champion build updated: 107
[09/03/2016 09:03:22] Champion build updated: 19
[09/03/2016 09:03:22] Champion build updated: 72
[09/03/2016 09:03:22] Champion build updated: 54
[09/03/2016 09:03:22] Champion build updated: 157
[09/03/2016 09:03:22] Champion build updated: 101
[09/03/2016 09:03:22] Champion build updated: 17
[09/03/2016 09:03:22] Champion build updated: 58
[09/03/2016 09:03:22] Champion build updated: 75
[09/03/2016 09:03:22] Champion build updated: 119
[09/03/2016 09:03:22] Champion build updated: 35
[09/03/2016 09:03:22] Champion build updated: 50
[09/03/2016 09:03:22] Champion build updated: 115
[09/03/2016 09:03:22] Champion build updated: 91
[09/03/2016 09:03:22] Champion build updated: 40
[09/03/2016 09:03:22] Champion build updated: 245
[09/03/2016 09:03:22] Champion build updated: 61
[09/03/2016 09:03:22] Champion build updated: 114
[09/03/2016 09:03:22] Champion build updated: 9
[09/03/2016 09:03:22] Champion build updated: 33
[09/03/2016 09:03:22] Champion build updated: 31
[09/03/2016 09:03:22] Champion build updated: 7
[09/03/2016 09:03:22] Champion build updated: 26
[09/03/2016 09:03:22] Champion build updated: 16
[09/03/2016 09:03:22] Champion build updated: 56
[09/03/2016 09:03:22] Champion build updated: 222
[09/03/2016 09:03:22] Champion build updated: 83
[09/03/2016 09:03:22] Champion build updated: 6
[09/03/2016 09:03:22] Champion build updated: 203
[09/03/2016 09:03:22] Champion build updated: 21
[09/03/2016 09:03:22] Champion build updated: 62
[09/03/2016 09:03:22] Champion build updated: 53
[09/03/2016 09:03:22] Champion build updated: 98
[09/03/2016 09:03:22] Champion build updated: 201
[09/03/2016 09:03:22] Champion build updated: 5
[09/03/2016 09:03:22] Champion build updated: 29
[09/03/2016 09:03:22] Champion build updated: 11
[09/03/2016 09:03:22] Champion build updated: 44
[09/03/2016 09:03:22] Champion build updated: 32
[09/03/2016 09:03:22] Champion build updated: 41
[09/03/2016 09:03:22] Champion build updated: 48
[09/03/2016 09:03:22] Champion build updated: 38
[09/03/2016 09:03:22] Champion build updated: 161
[09/03/2016 09:03:22] Champion build updated: 143
[09/03/2016 09:03:22] Champion build updated: 267
[09/03/2016 09:03:22] Champion build updated: 59
[09/03/2016 09:03:22] Champion build updated: 81
[09/03/2016 09:03:22] Champion data updated [en]
[09/03/2016 09:03:22] Champion data updated [de]
[09/03/2016 09:03:22] Champion data updated [fr]
[09/03/2016 09:03:22] Champion data updated [ja]
[09/03/2016 09:03:23] Champion data updated [es]
[09/03/2016 09:03:23] Champion build updated: 412
[09/03/2016 09:03:23] Champion build updated: 266
[09/03/2016 09:03:23] Champion build updated: 23
[09/03/2016 09:03:23] Champion build updated: 79
[09/03/2016 09:03:23] Champion build updated: 69
[09/03/2016 09:03:23] Champion build updated: 13
[09/03/2016 09:03:23] Champion build updated: 78
[09/03/2016 09:03:23] Champion build updated: 14
[09/03/2016 09:03:23] Champion build updated: 202
[09/03/2016 09:03:23] Champion build updated: 1
[09/03/2016 09:03:23] Champion build updated: 111
[09/03/2016 09:03:23] Champion build updated: 43
[09/03/2016 09:03:23] Champion build updated: 99
[09/03/2016 09:03:23] Champion build updated: 103
[09/03/2016 09:03:23] Champion build updated: 2
[09/03/2016 09:03:23] Champion build updated: 112
[09/03/2016 09:03:23] Champion build updated: 27
[09/03/2016 09:03:23] Champion build updated: 86
[09/03/2016 09:03:23] Champion build updated: 34
[09/03/2016 09:03:23] Champion build updated: 57
[09/03/2016 09:03:23] Champion build updated: 127
[09/03/2016 09:03:23] Champion build updated: 25
[09/03/2016 09:03:23] Champion build updated: 105
[09/03/2016 09:03:23] Champion build updated: 28
[09/03/2016 09:03:23] Champion build updated: 238
[09/03/2016 09:03:23] Champion build updated: 74
[09/03/2016 09:03:23] Champion build updated: 68
[09/03/2016 09:03:23] Champion build updated: 37
[09/03/2016 09:03:23] Champion build updated: 82
[09/03/2016 09:03:23] Champion build updated: 96
[09/03/2016 09:03:23] Champion build updated: 55
[09/03/2016 09:03:23] Champion build updated: 117
[09/03/2016 09:03:23] Champion build updated: 22
[09/03/2016 09:03:23] Champion build updated: 30
[09/03/2016 09:03:23] Champion build updated: 12
[09/03/2016 09:03:23] Champion build updated: 122
[09/03/2016 09:03:23] Champion build updated: 67
[09/03/2016 09:03:23] Champion build updated: 110
[09/03/2016 09:03:23] Champion build updated: 77
[09/03/2016 09:03:23] Champion build updated: 89
[09/03/2016 09:03:23] Champion build updated: 126
[09/03/2016 09:03:23] Champion build updated: 134
[09/03/2016 09:03:23] Champion build updated: 80
[09/03/2016 09:03:23] Champion build updated: 92
[09/03/2016 09:03:23] Champion build updated: 121
[09/03/2016 09:03:23] Champion build updated: 42
[09/03/2016 09:03:23] Champion build updated: 51
[09/03/2016 09:03:23] Champion build updated: 268
[09/03/2016 09:03:23] Champion build updated: 76
[09/03/2016 09:03:23] Champion build updated: 85
[09/03/2016 09:03:23] Champion build updated: 3
[09/03/2016 09:03:23] Champion build updated: 45
[09/03/2016 09:03:23] Champion build updated: 432
[09/03/2016 09:03:23] Champion build updated: 150
[09/03/2016 09:03:23] Champion build updated: 90
[09/03/2016 09:03:23] Champion build updated: 104
[09/03/2016 09:03:23] Champion build updated: 254
[09/03/2016 09:03:23] Champion build updated: 10
[09/03/2016 09:03:23] Champion build updated: 39
[09/03/2016 09:03:23] Champion build updated: 64
[09/03/2016 09:03:23] Champion build updated: 420
[09/03/2016 09:03:23] Champion build updated: 60
[09/03/2016 09:03:23] Champion build updated: 106
[09/03/2016 09:03:23] Champion build updated: 20
[09/03/2016 09:03:23] Champion build updated: 4
[09/03/2016 09:03:23] Champion build updated: 24
[09/03/2016 09:03:23] Champion build updated: 102
[09/03/2016 09:03:23] Champion build updated: 429
[09/03/2016 09:03:23] Champion build updated: 36
[09/03/2016 09:03:23] Champion build updated: 223
[09/03/2016 09:03:23] Champion build updated: 131
[09/03/2016 09:03:23] Champion build updated: 63
[09/03/2016 09:03:23] Champion build updated: 113
[09/03/2016 09:03:23] Champion build updated: 8
[09/03/2016 09:03:23] Champion build updated: 154
[09/03/2016 09:03:23] Champion build updated: 421
[09/03/2016 09:03:23] Champion build updated: 133
[09/03/2016 09:03:23] Champion build updated: 84
[09/03/2016 09:03:23] Champion build updated: 18
[09/03/2016 09:03:23] Champion build updated: 120
[09/03/2016 09:03:23] Champion build updated: 15
[09/03/2016 09:03:23] Champion build updated: 236
[09/03/2016 09:03:23] Champion build updated: 107
[09/03/2016 09:03:23] Champion build updated: 19
[09/03/2016 09:03:23] Champion build updated: 72
[09/03/2016 09:03:23] Champion build updated: 54
[09/03/2016 09:03:23] Champion build updated: 157
[09/03/2016 09:03:23] Champion build updated: 101
[09/03/2016 09:03:23] Champion build updated: 17
[09/03/2016 09:03:23] Champion build updated: 58
[09/03/2016 09:03:23] Champion build updated: 75
[09/03/2016 09:03:23] Champion build updated: 119
[09/03/2016 09:03:23] Champion build updated: 35
[09/03/2016 09:03:23] Champion build updated: 50
[09/03/2016 09:03:23] Champion build updated: 115
[09/03/2016 09:03:23] Champion build updated: 91
[09/03/2016 09:03:23] Champion build updated: 40
[09/03/2016 09:03:23] Champion build updated: 245
[09/03/2016 09:03:23] Champion build updated: 61
[09/03/2016 09:03:23] Champion build updated: 114
[09/03/2016 09:03:23] Champion build updated: 9
[09/03/2016 09:03:23] Champion build updated: 33
[09/03/2016 09:03:23] Champion build updated: 31
[09/03/2016 09:03:23] Champion build updated: 7
[09/03/2016 09:03:23] Champion build updated: 26
[09/03/2016 09:03:23] Champion build updated: 16
[09/03/2016 09:03:23] Champion build updated: 56
[09/03/2016 09:03:23] Champion build updated: 222
[09/03/2016 09:03:23] Champion build updated: 83
[09/03/2016 09:03:23] Champion build updated: 6
[09/03/2016 09:03:23] Champion build updated: 203
[09/03/2016 09:03:23] Champion build updated: 21
[09/03/2016 09:03:23] Champion build updated: 62
[09/03/2016 09:03:23] Champion build updated: 53
[09/03/2016 09:03:23] Champion build updated: 98
[09/03/2016 09:03:23] Champion build updated: 201
[09/03/2016 09:03:23] Champion build updated: 5
[09/03/2016 09:03:23] Champion build updated: 29
[09/03/2016 09:03:23] Champion build updated: 11
[09/03/2016 09:03:23] Champion build updated: 44
[09/03/2016 09:03:23] Champion build updated: 32
[09/03/2016 09:03:23] Champion build updated: 41
[09/03/2016 09:03:23] Champion build updated: 48
[09/03/2016 09:03:23] Champion build updated: 38
[09/03/2016 09:03:23] Champion build updated: 161
[09/03/2016 09:03:23] Champion build updated: 143
[09/03/2016 09:03:23] Champion build updated: 267
[09/03/2016 09:03:23] Champion build updated: 59
[09/03/2016 09:03:23] Champion build updated: 81
[09/03/2016 09:03:23] Champion data updated [en]
[09/03/2016 09:03:23] Champion data updated [de]
[09/03/2016 09:03:23] Champion data updated [fr]
[09/03/2016 09:03:23] Champion data updated [ja]
[10/03/2016 03:03:56] Champion data updated [es]
[10/03/2016 03:03:56] Champion build updated: 412
[10/03/2016 03:03:56] Champion build updated: 266
[10/03/2016 03:03:56] Champion build updated: 23
[10/03/2016 03:03:56] Champion build updated: 79
[10/03/2016 03:03:56] Champion build updated: 69
[10/03/2016 03:03:56] Champion build updated: 13
[10/03/2016 03:03:56] Champion build updated: 78
[10/03/2016 03:03:56] Champion build updated: 14
[10/03/2016 03:03:56] Champion build updated: 202
[10/03/2016 03:03:56] Champion build updated: 1
[10/03/2016 03:03:56] Champion build updated: 111
[10/03/2016 03:03:56] Champion build updated: 43
[10/03/2016 03:03:56] Champion build updated: 99
[10/03/2016 03:03:56] Champion build updated: 103
[10/03/2016 03:03:56] Champion build updated: 2
[10/03/2016 03:03:56] Champion build updated: 112
[10/03/2016 03:03:56] Champion build updated: 27
[10/03/2016 03:03:56] Champion build updated: 86
[10/03/2016 03:03:56] Champion build updated: 34
[10/03/2016 03:03:56] Champion build updated: 57
[10/03/2016 03:03:56] Champion build updated: 127
[10/03/2016 03:03:56] Champion build updated: 25
[10/03/2016 03:03:56] Champion build updated: 105
[10/03/2016 03:03:56] Champion build updated: 28
[10/03/2016 03:03:56] Champion build updated: 238
[10/03/2016 03:03:56] Champion build updated: 74
[10/03/2016 03:03:56] Champion build updated: 68
[10/03/2016 03:03:56] Champion build updated: 37
[10/03/2016 03:03:56] Champion build updated: 82
[10/03/2016 03:03:56] Champion build updated: 96
[10/03/2016 03:03:56] Champion build updated: 55
[10/03/2016 03:03:56] Champion build updated: 117
[10/03/2016 03:03:56] Champion build updated: 22
[10/03/2016 03:03:56] Champion build updated: 30
[10/03/2016 03:03:56] Champion build updated: 12
[10/03/2016 03:03:56] Champion build updated: 122
[10/03/2016 03:03:56] Champion build updated: 67
[10/03/2016 03:03:56] Champion build updated: 110
[10/03/2016 03:03:56] Champion build updated: 77
[10/03/2016 03:03:56] Champion build updated: 89
[10/03/2016 03:03:56] Champion build updated: 126
[10/03/2016 03:03:56] Champion build updated: 134
[10/03/2016 03:03:56] Champion build updated: 80
[10/03/2016 03:03:56] Champion build updated: 92
[10/03/2016 03:03:56] Champion build updated: 121
[10/03/2016 03:03:56] Champion build updated: 42
[10/03/2016 03:03:56] Champion build updated: 51
[10/03/2016 03:03:56] Champion build updated: 268
[10/03/2016 03:03:56] Champion build updated: 76
[10/03/2016 03:03:56] Champion build updated: 85
[10/03/2016 03:03:56] Champion build updated: 3
[10/03/2016 03:03:56] Champion build updated: 45
[10/03/2016 03:03:56] Champion build updated: 432
[10/03/2016 03:03:56] Champion build updated: 150
[10/03/2016 03:03:56] Champion build updated: 90
[10/03/2016 03:03:56] Champion build updated: 104
[10/03/2016 03:03:56] Champion build updated: 254
[10/03/2016 03:03:56] Champion build updated: 10
[10/03/2016 03:03:56] Champion build updated: 39
[10/03/2016 03:03:56] Champion build updated: 64
[10/03/2016 03:03:56] Champion build updated: 420
[10/03/2016 03:03:56] Champion build updated: 60
[10/03/2016 03:03:56] Champion build updated: 106
[10/03/2016 03:03:56] Champion build updated: 20
[10/03/2016 03:03:56] Champion build updated: 4
[10/03/2016 03:03:56] Champion build updated: 24
[10/03/2016 03:03:56] Champion build updated: 102
[10/03/2016 03:03:56] Champion build updated: 429
[10/03/2016 03:03:56] Champion build updated: 36
[10/03/2016 03:03:56] Champion build updated: 223
[10/03/2016 03:03:56] Champion build updated: 131
[10/03/2016 03:03:56] Champion build updated: 63
[10/03/2016 03:03:56] Champion build updated: 113
[10/03/2016 03:03:56] Champion build updated: 8
[10/03/2016 03:03:56] Champion build updated: 154
[10/03/2016 03:03:56] Champion build updated: 421
[10/03/2016 03:03:56] Champion build updated: 133
[10/03/2016 03:03:56] Champion build updated: 84
[10/03/2016 03:03:56] Champion build updated: 18
[10/03/2016 03:03:56] Champion build updated: 120
[10/03/2016 03:03:56] Champion build updated: 15
[10/03/2016 03:03:56] Champion build updated: 236
[10/03/2016 03:03:56] Champion build updated: 107
[10/03/2016 03:03:56] Champion build updated: 19
[10/03/2016 03:03:56] Champion build updated: 72
[10/03/2016 03:03:56] Champion build updated: 54
[10/03/2016 03:03:56] Champion build updated: 157
[10/03/2016 03:03:56] Champion build updated: 101
[10/03/2016 03:03:56] Champion build updated: 17
[10/03/2016 03:03:56] Champion build updated: 58
[10/03/2016 03:03:56] Champion build updated: 75
[10/03/2016 03:03:56] Champion build updated: 119
[10/03/2016 03:03:56] Champion build updated: 35
[10/03/2016 03:03:56] Champion build updated: 50
[10/03/2016 03:03:56] Champion build updated: 115
[10/03/2016 03:03:56] Champion build updated: 91
[10/03/2016 03:03:56] Champion build updated: 40
[10/03/2016 03:03:56] Champion build updated: 245
[10/03/2016 03:03:56] Champion build updated: 61
[10/03/2016 03:03:56] Champion build updated: 114
[10/03/2016 03:03:56] Champion build updated: 9
[10/03/2016 03:03:56] Champion build updated: 33
[10/03/2016 03:03:56] Champion build updated: 31
[10/03/2016 03:03:56] Champion build updated: 7
[10/03/2016 03:03:56] Champion build updated: 26
[10/03/2016 03:03:56] Champion build updated: 16
[10/03/2016 03:03:56] Champion build updated: 56
[10/03/2016 03:03:56] Champion build updated: 222
[10/03/2016 03:03:56] Champion build updated: 83
[10/03/2016 03:03:56] Champion build updated: 6
[10/03/2016 03:03:56] Champion build updated: 203
[10/03/2016 03:03:56] Champion build updated: 21
[10/03/2016 03:03:56] Champion build updated: 62
[10/03/2016 03:03:56] Champion build updated: 53
[10/03/2016 03:03:56] Champion build updated: 98
[10/03/2016 03:03:56] Champion build updated: 201
[10/03/2016 03:03:56] Champion build updated: 5
[10/03/2016 03:03:56] Champion build updated: 29
[10/03/2016 03:03:56] Champion build updated: 11
[10/03/2016 03:03:56] Champion build updated: 44
[10/03/2016 03:03:56] Champion build updated: 32
[10/03/2016 03:03:56] Champion build updated: 41
[10/03/2016 03:03:56] Champion build updated: 48
[10/03/2016 03:03:56] Champion build updated: 38
[10/03/2016 03:03:56] Champion build updated: 161
[10/03/2016 03:03:56] Champion build updated: 143
[10/03/2016 03:03:56] Champion build updated: 267
[10/03/2016 03:03:56] Champion build updated: 59
[10/03/2016 03:03:56] Champion build updated: 81
[10/03/2016 03:03:56] Champion data updated [en]
[10/03/2016 03:03:56] Champion data updated [de]
[10/03/2016 03:03:56] Champion data updated [fr]
[10/03/2016 03:03:56] Champion data updated [ja]
