[10/03/2016 05:03:00] New realm updated: item to 6.5.1
[10/03/2016 05:03:00] New realm updated: rune to 6.5.1
[10/03/2016 05:03:00] New realm updated: mastery to 6.5.1
[10/03/2016 05:03:00] New realm updated: summoner to 6.5.1
[10/03/2016 05:03:00] New realm updated: champion to 6.5.1
[10/03/2016 05:03:00] New realm updated: profileicon to 6.5.1
[10/03/2016 05:03:00] New realm updated: map to 6.5.1
[10/03/2016 05:03:00] New realm updated: language to 6.5.1
[10/03/2016 05:03:00] New realm updated: v to 6.5.1
[10/03/2016 05:03:00] New realm updated: l to en_US
[10/03/2016 05:03:00] New realm updated: cdn to http://ddragon.leagueoflegends.com/cdn
[10/03/2016 05:03:00] New realm updated: dd to 6.5.1
[10/03/2016 05:03:00] New realm updated: lg to 6.5.1
[10/03/2016 05:03:00] New realm updated: css to 6.5.1
[10/03/2016 05:03:00] New realm updated: profileiconmax to 28
[10/03/2016 05:03:00] New realm updated: store to 
[11/03/2016 05:03:00] New realm updated: item to 6.5.1
[11/03/2016 05:03:00] New realm updated: rune to 6.5.1
[11/03/2016 05:03:00] New realm updated: mastery to 6.5.1
[11/03/2016 05:03:00] New realm updated: summoner to 6.5.1
[11/03/2016 05:03:00] New realm updated: champion to 6.5.1
[11/03/2016 05:03:00] New realm updated: profileicon to 6.5.1
[11/03/2016 05:03:00] New realm updated: map to 6.5.1
[11/03/2016 05:03:00] New realm updated: language to 6.5.1
[11/03/2016 05:03:00] New realm updated: v to 6.5.1
[11/03/2016 05:03:00] New realm updated: l to en_US
[11/03/2016 05:03:00] New realm updated: cdn to http://ddragon.leagueoflegends.com/cdn
[11/03/2016 05:03:00] New realm updated: dd to 6.5.1
[11/03/2016 05:03:00] New realm updated: lg to 6.5.1
[11/03/2016 05:03:00] New realm updated: css to 6.5.1
[11/03/2016 05:03:00] New realm updated: profileiconmax to 28
[11/03/2016 05:03:00] New realm updated: store to 
[12/03/2016 05:03:00] New realm updated: item to 6.5.1
[12/03/2016 05:03:00] New realm updated: rune to 6.5.1
[12/03/2016 05:03:00] New realm updated: mastery to 6.5.1
[12/03/2016 05:03:00] New realm updated: summoner to 6.5.1
[12/03/2016 05:03:00] New realm updated: champion to 6.5.1
[12/03/2016 05:03:00] New realm updated: profileicon to 6.5.1
[12/03/2016 05:03:00] New realm updated: map to 6.5.1
[12/03/2016 05:03:00] New realm updated: language to 6.5.1
[12/03/2016 05:03:00] New realm updated: v to 6.5.1
[12/03/2016 05:03:00] New realm updated: l to en_US
[12/03/2016 05:03:00] New realm updated: cdn to http://ddragon.leagueoflegends.com/cdn
[12/03/2016 05:03:00] New realm updated: dd to 6.5.1
[12/03/2016 05:03:00] New realm updated: lg to 6.5.1
[12/03/2016 05:03:00] New realm updated: css to 6.5.1
[12/03/2016 05:03:00] New realm updated: profileiconmax to 28
[12/03/2016 05:03:00] New realm updated: store to 
